Log file open, 11/16/16 00:41:04
LogInit:Display: Running engine for game: VRprojectWstartCont1
LogPlatformFile: Not using cached read wrapper
LogInit:Display: RandInit(1776635389) SRandInit(1776635389).
LogTaskGraph: Started task graph with 5 named threads and 8 total threads with 1 sets of task threads.
LogStats: Stats thread started at 0.208344
LogPluginManager: Loaded Plugin Paper2D, From C:/Program Files/Epic Games/4.13/Engine/Plugins/2D/Paper2D/Paper2D.uplugin
LogPluginManager: Loaded Plugin LightPropagationVolume, From C:/Program Files/Epic Games/4.13/Engine/Plugins/Blendables/LightPropagationVolume/LightPropagationVolume.uplugin
LogPluginManager: Loaded Plugin BlankPlugin, From C:/Program Files/Epic Games/4.13/Engine/Plugins/Developer/BlankPlugin/BlankPlugin.uplugin
LogPluginManager: Loaded Plugin CodeLiteSourceCodeAccess, From C:/Program Files/Epic Games/4.13/Engine/Plugins/Developer/CodeLiteSourceCodeAccess/CodeLiteSourceCodeAccess.uplugin
LogPluginManager: Loaded Plugin GitSourceControl, From C:/Program Files/Epic Games/4.13/Engine/Plugins/Developer/GitSourceControl/GitSourceControl.uplugin
LogPluginManager: Loaded Plugin KDevelopSourceCodeAccess, From C:/Program Files/Epic Games/4.13/Engine/Plugins/Developer/KDevelopSourceCodeAccess/KDevelopSourceCodeAccess.uplugin
LogPluginManager: Loaded Plugin NullSourceCodeAccess, From C:/Program Files/Epic Games/4.13/Engine/Plugins/Developer/NullSourceCodeAccess/NullSourceCodeAccess.uplugin
LogPluginManager: Loaded Plugin OneSkyLocalizationService, From C:/Program Files/Epic Games/4.13/Engine/Plugins/Developer/OneSkyLocalizationService/OneSkyLocalizationService.uplugin
LogPluginManager: Loaded Plugin PerforceSourceControl, From C:/Program Files/Epic Games/4.13/Engine/Plugins/Developer/PerforceSourceControl/PerforceSourceControl.uplugin
LogPluginManager: Loaded Plugin SubversionSourceControl, From C:/Program Files/Epic Games/4.13/Engine/Plugins/Developer/SubversionSourceControl/SubversionSourceControl.uplugin
LogPluginManager: Loaded Plugin UObjectPlugin, From C:/Program Files/Epic Games/4.13/Engine/Plugins/Developer/UObjectPlugin/UObjectPlugin.uplugin
LogPluginManager: Loaded Plugin VisualStudioSourceCodeAccess, From C:/Program Files/Epic Games/4.13/Engine/Plugins/Developer/VisualStudioSourceCodeAccess/VisualStudioSourceCodeAccess.uplugin
LogPluginManager: Loaded Plugin XCodeSourceCodeAccess, From C:/Program Files/Epic Games/4.13/Engine/Plugins/Developer/XCodeSourceCodeAccess/XCodeSourceCodeAccess.uplugin
LogPluginManager: Loaded Plugin EpicSurvey, From C:/Program Files/Epic Games/4.13/Engine/Plugins/Editor/EpicSurvey/EpicSurvey.uplugin
LogPluginManager: Loaded Plugin MacGraphicsSwitching, From C:/Program Files/Epic Games/4.13/Engine/Plugins/Editor/MacGraphicsSwitching/MacGraphicsSwitching.uplugin
LogPluginManager: Loaded Plugin MobileLauncherProfileWizard, From C:/Program Files/Epic Games/4.13/Engine/Plugins/Editor/MobileLauncherProfileWizard/MobileLauncherProfileWizard.uplugin
LogPluginManager: Loaded Plugin PluginBrowser, From C:/Program Files/Epic Games/4.13/Engine/Plugins/Editor/PluginBrowser/PluginBrowser.uplugin
LogPluginManager: Loaded Plugin SpeedTreeImporter, From C:/Program Files/Epic Games/4.13/Engine/Plugins/Editor/SpeedTreeImporter/SpeedTreeImporter.uplugin
LogPluginManager: Loaded Plugin SuperSearchEditor, From C:/Program Files/Epic Games/4.13/Engine/Plugins/Editor/SuperSearchEditor/SuperSearchEditor.uplugin
LogPluginManager: Loaded Plugin AlembicImporter, From C:/Program Files/Epic Games/4.13/Engine/Plugins/Experimental/AlembicImporter/AlembicImporter.uplugin
LogPluginManager: Loaded Plugin BlueprintStats, From C:/Program Files/Epic Games/4.13/Engine/Plugins/Experimental/BlueprintStats/BlueprintStats.uplugin
LogPluginManager: Loaded Plugin CharacterAI, From C:/Program Files/Epic Games/4.13/Engine/Plugins/Experimental/CharacterAI/CharacterAI.uplugin
LogPluginManager: Loaded Plugin CodeEditor, From C:/Program Files/Epic Games/4.13/Engine/Plugins/Experimental/CodeEditor/CodeEditor.uplugin
LogPluginManager: Loaded Plugin CodeView, From C:/Program Files/Epic Games/4.13/Engine/Plugins/Experimental/CodeView/CodeView.uplugin
LogPluginManager: Loaded Plugin HTML5Networking, From C:/Program Files/Epic Games/4.13/Engine/Plugins/Experimental/HTML5Networking/HTML5Networking.uplugin
LogPluginManager: Loaded Plugin LiveEditor, From C:/Program Files/Epic Games/4.13/Engine/Plugins/Experimental/LiveEditor/LiveEditor.uplugin
LogPluginManager: Loaded Plugin OSVR, From C:/Program Files/Epic Games/4.13/Engine/Plugins/Experimental/OSVR/OSVR.uplugin
LogPluginManager: Loaded Plugin Phya, From C:/Program Files/Epic Games/4.13/Engine/Plugins/Experimental/Phya/Phya.uplugin
LogPluginManager: Loaded Plugin SignificanceManager, From C:/Program Files/Epic Games/4.13/Engine/Plugins/Experimental/SignificanceManager/SignificanceManager.uplugin
LogPluginManager: Loaded Plugin SimpleHMD, From C:/Program Files/Epic Games/4.13/Engine/Plugins/Experimental/SimpleHMD/SimpleHMD.uplugin
LogPluginManager: Loaded Plugin StereoPanorama, From C:/Program Files/Epic Games/4.13/Engine/Plugins/Experimental/StereoPanorama/StereoPanorama.uplugin
LogPluginManager: Loaded Plugin StructBox, From C:/Program Files/Epic Games/4.13/Engine/Plugins/Experimental/StructBox/StructBox.uplugin
LogPluginManager: Loaded Plugin AndroidMedia, From C:/Program Files/Epic Games/4.13/Engine/Plugins/Media/AndroidMedia/AndroidMedia.uplugin
LogPluginManager: Loaded Plugin AvfMedia, From C:/Program Files/Epic Games/4.13/Engine/Plugins/Media/AvfMedia/AvfMedia.uplugin
LogPluginManager: Loaded Plugin MediaPlayerEditor, From C:/Program Files/Epic Games/4.13/Engine/Plugins/Media/MediaPlayerEditor/MediaPlayerEditor.uplugin
LogPluginManager: Loaded Plugin WmfMedia, From C:/Program Files/Epic Games/4.13/Engine/Plugins/Media/WmfMedia/WmfMedia.uplugin
LogPluginManager: Loaded Plugin MessagingDebugger, From C:/Program Files/Epic Games/4.13/Engine/Plugins/Messaging/MessagingDebugger/MessagingDebugger.uplugin
LogPluginManager: Loaded Plugin TcpMessaging, From C:/Program Files/Epic Games/4.13/Engine/Plugins/Messaging/TcpMessaging/TcpMessaging.uplugin
LogPluginManager: Loaded Plugin UdpMessaging, From C:/Program Files/Epic Games/4.13/Engine/Plugins/Messaging/UdpMessaging/UdpMessaging.uplugin
LogPluginManager: Loaded Plugin LevelSequenceEditor, From C:/Program Files/Epic Games/4.13/Engine/Plugins/MovieScene/LevelSequenceEditor/LevelSequenceEditor.uplugin
LogPluginManager: Loaded Plugin MatineeToLevelSequence, From C:/Program Files/Epic Games/4.13/Engine/Plugins/MovieScene/MatineeToLevelSequence/MatineeToLevelSequence.uplugin
LogPluginManager: Loaded Plugin NetcodeUnitTest, From C:/Program Files/Epic Games/4.13/Engine/Plugins/NetcodeUnitTest/NetcodeUnitTest/NetcodeUnitTest.uplugin
LogPluginManager: Loaded Plugin NUTUnrealEngine4, From C:/Program Files/Epic Games/4.13/Engine/Plugins/NetcodeUnitTest/NUTUnrealEngine4/NUTUnrealEngine4.uplugin
LogPluginManager: Loaded Plugin OnlineSubsystemGooglePlay, From C:/Program Files/Epic Games/4.13/Engine/Plugins/Online/Android/OnlineSubsystemGooglePlay/OnlineSubsystemGooglePlay.uplugin
LogPluginManager: Loaded Plugin OnlineSubsystemIOS, From C:/Program Files/Epic Games/4.13/Engine/Plugins/Online/IOS/OnlineSubsystemIOS/OnlineSubsystemIOS.uplugin
LogPluginManager: Loaded Plugin OnlineFramework, From C:/Program Files/Epic Games/4.13/Engine/Plugins/Online/OnlineFramework/OnlineFramework.uplugin
LogPluginManager: Loaded Plugin OnlineSubsystem, From C:/Program Files/Epic Games/4.13/Engine/Plugins/Online/OnlineSubsystem/OnlineSubsystem.uplugin
LogPluginManager: Loaded Plugin OnlineSubsystemAmazon, From C:/Program Files/Epic Games/4.13/Engine/Plugins/Online/OnlineSubsystemAmazon/OnlineSubsystemAmazon.uplugin
LogPluginManager: Loaded Plugin OnlineSubsystemFacebook, From C:/Program Files/Epic Games/4.13/Engine/Plugins/Online/OnlineSubsystemFacebook/OnlineSubsystemFacebook.uplugin
LogPluginManager: Loaded Plugin OnlineSubsystemNull, From C:/Program Files/Epic Games/4.13/Engine/Plugins/Online/OnlineSubsystemNull/OnlineSubsystemNull.uplugin
LogPluginManager: Loaded Plugin OnlineSubsystemOculus, From C:/Program Files/Epic Games/4.13/Engine/Plugins/Online/OnlineSubsystemOculus/OnlineSubsystemOculus.uplugin
LogPluginManager: Loaded Plugin OnlineSubsystemSteam, From C:/Program Files/Epic Games/4.13/Engine/Plugins/Online/OnlineSubsystemSteam/OnlineSubsystemSteam.uplugin
LogPluginManager: Loaded Plugin OnlineSubsystemUtils, From C:/Program Files/Epic Games/4.13/Engine/Plugins/Online/OnlineSubsystemUtils/OnlineSubsystemUtils.uplugin
LogPluginManager: Loaded Plugin IOSTapJoy, From C:/Program Files/Epic Games/4.13/Engine/Plugins/Runtime/Advertising/IOSTapJoy/IOSTapJoy.uplugin
LogPluginManager: Loaded Plugin AnalyticsBlueprintLibrary, From C:/Program Files/Epic Games/4.13/Engine/Plugins/Runtime/Analytics/AnalyticsBlueprintLibrary/AnalyticsBlueprintLibrary.uplugin
LogPluginManager: Loaded Plugin AnalyticsMulticast, From C:/Program Files/Epic Games/4.13/Engine/Plugins/Runtime/Analytics/AnalyticsMulticast/AnalyticsMulticast.uplugin
LogPluginManager: Loaded Plugin Apsalar, From C:/Program Files/Epic Games/4.13/Engine/Plugins/Runtime/Analytics/Apsalar/Apsalar.uplugin
LogPluginManager: Loaded Plugin FileLogging, From C:/Program Files/Epic Games/4.13/Engine/Plugins/Runtime/Analytics/FileLogging/FileLogging.uplugin
LogPluginManager: Loaded Plugin Flurry, From C:/Program Files/Epic Games/4.13/Engine/Plugins/Runtime/Analytics/Flurry/Flurry.uplugin
LogPluginManager: Loaded Plugin AndroidDeviceProfileSelector, From C:/Program Files/Epic Games/4.13/Engine/Plugins/Runtime/AndroidDeviceProfileSelector/AndroidDeviceProfileSelector.uplugin
LogPluginManager: Loaded Plugin AndroidMoviePlayer, From C:/Program Files/Epic Games/4.13/Engine/Plugins/Runtime/AndroidMoviePlayer/AndroidMoviePlayer.uplugin
LogPluginManager: Loaded Plugin AppleMoviePlayer, From C:/Program Files/Epic Games/4.13/Engine/Plugins/Runtime/AppleMoviePlayer/AppleMoviePlayer.uplugin
LogPluginManager: Loaded Plugin ArchVisCharacter, From C:/Program Files/Epic Games/4.13/Engine/Plugins/Runtime/ArchVisCharacter/ArchVisCharacter.uplugin
LogPluginManager: Loaded Plugin CableComponent, From C:/Program Files/Epic Games/4.13/Engine/Plugins/Runtime/CableComponent/CableComponent.uplugin
LogPluginManager: Loaded Plugin CustomMeshComponent, From C:/Program Files/Epic Games/4.13/Engine/Plugins/Runtime/CustomMeshComponent/CustomMeshComponent.uplugin
LogPluginManager: Loaded Plugin ExampleDeviceProfileSelector, From C:/Program Files/Epic Games/4.13/Engine/Plugins/Runtime/ExampleDeviceProfileSelector/ExampleDeviceProfileSelector.uplugin
LogPluginManager: Loaded Plugin GearVR, From C:/Program Files/Epic Games/4.13/Engine/Plugins/Runtime/GearVR/GearVR.uplugin
LogPluginManager: Loaded Plugin GoogleVRController, From C:/Program Files/Epic Games/4.13/Engine/Plugins/Runtime/GoogleVR/GoogleVRController/GoogleVRController.uplugin
LogPluginManager: Loaded Plugin GoogleVRHMD, From C:/Program Files/Epic Games/4.13/Engine/Plugins/Runtime/GoogleVR/GoogleVRHMD/GoogleVRHMD.uplugin
LogPluginManager: Loaded Plugin IOSDeviceProfileSelector, From C:/Program Files/Epic Games/4.13/Engine/Plugins/Runtime/IOSDeviceProfileSelector/IOSDeviceProfileSelector.uplugin
LogPluginManager: Loaded Plugin LeapMotion, From C:/Program Files/Epic Games/4.13/Engine/Plugins/Runtime/LeapMotion/LeapMotion.uplugin
LogPluginManager: Loaded Plugin LinuxDeviceProfileSelector, From C:/Program Files/Epic Games/4.13/Engine/Plugins/Runtime/LinuxDeviceProfileSelector/LinuxDeviceProfileSelector.uplugin
LogPluginManager: Loaded Plugin LiveEditorListenServer, From C:/Program Files/Epic Games/4.13/Engine/Plugins/Runtime/LiveEditorListenServer/LiveEditorListenServer.uplugin
LogPluginManager: Loaded Plugin OculusAudio, From C:/Program Files/Epic Games/4.13/Engine/Plugins/Runtime/OculusAudio/OculusAudio.uplugin
LogPluginManager: Loaded Plugin OculusInput, From C:/Program Files/Epic Games/4.13/Engine/Plugins/Runtime/OculusInput/OculusInput.uplugin
LogPluginManager: Loaded Plugin OculusLibrary, From C:/Program Files/Epic Games/4.13/Engine/Plugins/Runtime/OculusLibrary/OculusLibrary.uplugin
LogPluginManager: Loaded Plugin OculusRift, From C:/Program Files/Epic Games/4.13/Engine/Plugins/Runtime/OculusRift/OculusRift.uplugin
LogPluginManager: Loaded Plugin Oodle, From C:/Program Files/Epic Games/4.13/Engine/Plugins/Runtime/PacketHandlers/CompressionComponents/Oodle/Oodle.uplugin
LogPluginManager: Loaded Plugin ProceduralMeshComponent, From C:/Program Files/Epic Games/4.13/Engine/Plugins/Runtime/ProceduralMeshComponent/ProceduralMeshComponent.uplugin
LogPluginManager: Loaded Plugin SoundMod, From C:/Program Files/Epic Games/4.13/Engine/Plugins/Runtime/SoundMod/SoundMod.uplugin
LogPluginManager: Loaded Plugin SoundVisualizations, From C:/Program Files/Epic Games/4.13/Engine/Plugins/Runtime/SoundVisualizations/SoundVisualizations.uplugin
LogPluginManager: Loaded Plugin SteamController, From C:/Program Files/Epic Games/4.13/Engine/Plugins/Runtime/Steam/SteamController/SteamController.uplugin
LogPluginManager: Loaded Plugin SteamVR, From C:/Program Files/Epic Games/4.13/Engine/Plugins/Runtime/Steam/SteamVR/SteamVR.uplugin
LogPluginManager: Loaded Plugin WebBrowserWidget, From C:/Program Files/Epic Games/4.13/Engine/Plugins/Runtime/WebBrowserWidget/WebBrowserWidget.uplugin
LogPluginManager: Loaded Plugin WindowsDeviceProfileSelector, From C:/Program Files/Epic Games/4.13/Engine/Plugins/Runtime/WindowsDeviceProfileSelector/WindowsDeviceProfileSelector.uplugin
LogPluginManager: Loaded Plugin WindowsMoviePlayer, From C:/Program Files/Epic Games/4.13/Engine/Plugins/Runtime/WindowsMoviePlayer/WindowsMoviePlayer.uplugin
LogPluginManager: Loaded Plugin ScriptPlugin, From C:/Program Files/Epic Games/4.13/Engine/Plugins/ScriptPlugin/ScriptPlugin.uplugin
LogPluginManager: Loaded Plugin SlateRemote, From C:/Program Files/Epic Games/4.13/Engine/Plugins/Slate/SlateRemote/SlateRemote.uplugin
LogInit: Using libcurl 7.47.1
LogInit:  - built for x86_64-pc-win32
LogInit:  - supports SSL with WinSSL
LogInit:  - other features:
LogInit:      CURL_VERSION_SSL
LogInit:      CURL_VERSION_IPV6
LogInit:      CURL_VERSION_ASYNCHDNS
LogInit:      CURL_VERSION_LARGEFILE
LogInit:      CURL_VERSION_IDN
LogInit:  CurlRequestOptions (configurable via config and command line):
LogInit:  - bVerifyPeer = false  - Libcurl will NOT verify peer certificate
LogInit:  - bUseHttpProxy = false  - Libcurl will NOT use HTTP proxy
LogInit:  - bDontReuseConnections = false  - Libcurl will reuse connections
LogInit:  - CertBundlePath = nullptr  - Libcurl will use whatever was configured at build time.
LogInit: Build: ++UE4+Release-4.13-CL-3142249
LogInit: Engine Version: 4.13.1-3142249+++UE4+Release-4.13
LogInit: Compatible Engine Version: 4.13.0-3106830+++UE4+Release-4.13
LogInit: Net CL: 3142249
LogDevObjectVersion: Number of dev versions registered: 13
LogDevObjectVersion:   Dev-Blueprints (B0D832E4-1F89-4F0D-ACCF-7EB736FD4AA2): 5
LogDevObjectVersion:   Dev-Build (E1C64328-A22C-4D53-A36C-8E866417BD8C): 0
LogDevObjectVersion:   Dev-Core (375EC13C-06E4-48FB-B500-84F0262A717E): 1
LogDevObjectVersion:   Dev-Editor (E4B068ED-F494-42E9-A231-DA0B2E46BB41): 6
LogDevObjectVersion:   Dev-Framework (CFFC743F-43B0-4480-9391-14DF171D2073): 12
LogDevObjectVersion:   Dev-Mobile (B02B49B5-BB20-44E9-A304-32B752E40360): 0
LogDevObjectVersion:   Dev-Networking (A4E4105C-59A1-49B5-A7C5-40C4547EDFEE): 0
LogDevObjectVersion:   Dev-Online (39C831C9-5AE6-47DC-9A44-9C173E1C8E7C): 0
LogDevObjectVersion:   Dev-Physics (78F01B33-EBEA-4F98-B9B4-84EACCB95AA2): 0
LogDevObjectVersion:   Dev-Platform (6631380F-2D4D-43E0-8009-CF276956A95A): 0
LogDevObjectVersion:   Dev-Rendering (12F88B9F-8875-4AFC-A67C-D90C383ABD29): 4
LogDevObjectVersion:   Dev-Sequencer (7B5AE74C-D270-4C10-A958-57980B212A5A): 0
LogDevObjectVersion:   Dev-VR (D7296918-1DD6-4BDD-9DE2-64A83CC13884): 0
LogInit: Compiled (64-bit): Sep 28 2016 02:12:12
LogInit: Compiled with Visual C++: 19.00.23026.00
LogInit: Build Configuration: Development
LogInit: Branch Name: ++UE4+Release-4.13
LogInit: Command line: -EpicPortal 
LogInit: Base directory: C:/Program Files/Epic Games/4.13/Engine/Binaries/Win64/
LogInit: Installed Engine Build: 1
LogInit: Presizing for max 8388607 objects, including 0 objects not considered by GC, pre-allocating 0 bytes for permanent pool.
LogInit: Object subsystem initialized
[2016.11.15-23.41.05:508][  0]LogInit: Selected Device Profile: [Windows]
[2016.11.15-23.41.05:508][  0]LogInit: Applying CVar settings loaded from the selected device profile: [Windows]
[2016.11.15-23.41.05:709][  0]LogInit: Computer: USER-PC
[2016.11.15-23.41.05:709][  0]LogInit: User: till
[2016.11.15-23.41.05:709][  0]LogInit: CPU Page size=65536, Cores=4
[2016.11.15-23.41.05:709][  0]LogInit: High frequency timer resolution =3.139003 MHz
[2016.11.15-23.41.05:709][  0]LogMemory: Memory total: Physical=4.0GB (4GB approx)
[2016.11.15-23.41.05:709][  0]LogMemory: Platform Memory Stats for Windows
[2016.11.15-23.41.05:709][  0]LogMemory: Process Physical Memory: 255.68 MB used, 255.68 MB peak
[2016.11.15-23.41.05:709][  0]LogMemory: Process Virtual Memory: 260.61 MB used, 260.61 MB peak
[2016.11.15-23.41.05:710][  0]LogMemory: Physical Memory: 3701.19 MB used, 4095.18 MB total
[2016.11.15-23.41.05:710][  0]LogMemory: Virtual Memory: 590.46 MB used, 8388608.00 MB total
[2016.11.15-23.41.11:328][  0]LogTextLocalizationManager: No translations for ('de-DE') exist, falling back to 'en' for localization and internationalization data.
[2016.11.15-23.41.18:035][  0]LogD3D11RHI: D3D11 adapters:
[2016.11.15-23.41.18:695][  0]LogD3D11RHI:    0. 'NVIDIA GeForce GTX 680' (Feature Level 11_0)
[2016.11.15-23.41.18:695][  0]LogD3D11RHI:       4026/0/1791 MB DedicatedVideo/DedicatedSystem/SharedSystem, Outputs:1, VendorId:0x10de
[2016.11.15-23.41.18:695][  0]LogD3D11RHI: Chosen D3D11 Adapter: 0
[2016.11.15-23.41.18:709][  0]LogD3D11RHI: Creating new Direct3DDevice
[2016.11.15-23.41.18:709][  0]LogD3D11RHI:     GPU DeviceId: 0x1180 (for the marketing name, search the web for "GPU Device Id")
[2016.11.15-23.41.18:709][  0]LogWindows: EnumDisplayDevices:
[2016.11.15-23.41.18:709][  0]LogWindows:    0. 'NVIDIA GeForce GTX 680' (P:1 D:1)
[2016.11.15-23.41.18:709][  0]LogWindows:    1. 'NVIDIA GeForce GTX 680' (P:0 D:0)
[2016.11.15-23.41.18:709][  0]LogWindows:    2. 'NVIDIA GeForce GTX 680' (P:0 D:0)
[2016.11.15-23.41.18:710][  0]LogWindows:    3. 'NVIDIA GeForce GTX 680' (P:0 D:0)
[2016.11.15-23.41.18:710][  0]LogWindows:    4. 'RDPDD Chained DD' (P:0 D:0)
[2016.11.15-23.41.18:710][  0]LogWindows:    5. 'RDP Encoder Mirror Driver' (P:0 D:0)
[2016.11.15-23.41.18:710][  0]LogWindows:    6. 'RDP Reflector Display Driver' (P:0 D:0)
[2016.11.15-23.41.18:710][  0]LogWindows: DebugString: GetVideoDriverDetailsInvalid PrimaryIsNotTheChoosenAdapter GetVideoDriverDetailsInvalid PrimaryIsNotTheChoosenAdapter GetVideoDriverDetailsInvalid PrimaryIsNotTheChoosenAdapter FoundDriverCount:4 
[2016.11.15-23.41.18:710][  0]LogD3D11RHI:     Adapter Name: NVIDIA GeForce GTX 680
[2016.11.15-23.41.18:710][  0]LogD3D11RHI:   Driver Version: 375.70 (internal:21.21.13.7570, unified:375.70)
[2016.11.15-23.41.18:710][  0]LogD3D11RHI:      Driver Date: 10-25-2016
[2016.11.15-23.41.18:710][  0]LogRHI: Texture pool is 1361 MB (70% of 1945 MB)
[2016.11.15-23.41.18:721][  0]LogD3D11RHI: Async texture creation enabled
[2016.11.15-23.41.18:738][  0]LogD3D11RHI: GPU Timing Frequency: 1000.000000 (Debug: 2 2)
[2016.11.15-23.41.18:738][  0]LogShaderCompilers: Guid format shader working directory is -9 characters bigger than the processId version (../../../../../../UnrealProjects/VRprojectWstartCont1/Intermediate/Shaders/WorkingDirectory/10520/).
[2016.11.15-23.41.18:739][  0]LogShaderCompilers: Cleaned the shader compiler working directory 'C:/Users/till/AppData/Local/Temp/UnrealShaderWorkingDir/CF79E5E5460BDC5310A980BB61A63E64/'.
[2016.11.15-23.41.18:739][  0]LogShaderCompilers:Display: Using Local Shader Compiler.
[2016.11.15-23.41.36:211][  0]LogTemp:Display: Loaded TP AllDesktopTargetPlatform
[2016.11.15-23.41.36:227][  0]LogTemp:Display: Loaded TP WindowsClientTargetPlatform
[2016.11.15-23.41.36:245][  0]LogTemp:Display: Loaded TP WindowsNoEditorTargetPlatform
[2016.11.15-23.41.36:264][  0]LogTemp:Display: Loaded TP WindowsServerTargetPlatform
[2016.11.15-23.41.36:281][  0]LogTemp:Display: Loaded TP WindowsTargetPlatform
[2016.11.15-23.41.36:307][  0]LogTemp:Display: Loaded TP AndroidTargetPlatform
[2016.11.15-23.41.36:320][  0]LogTemp:Display: Loaded TP Android_ASTCTargetPlatform
[2016.11.15-23.41.36:336][  0]LogTemp:Display: Loaded TP Android_ATCTargetPlatform
[2016.11.15-23.41.36:351][  0]LogTemp:Display: Loaded TP Android_DXTTargetPlatform
[2016.11.15-23.41.36:370][  0]LogTemp:Display: Loaded TP Android_ETC1TargetPlatform
[2016.11.15-23.41.36:395][  0]LogTemp:Display: Loaded TP Android_ETC2TargetPlatform
[2016.11.15-23.41.36:466][  0]LogTemp:Display: Loaded TP Android_MultiTargetPlatform
[2016.11.15-23.41.36:466][  0]LogTemp:Display: Loaded TP Android_PVRTCTargetPlatform
[2016.11.15-23.41.36:503][  0]LogTemp:Display: Loaded TP HTML5TargetPlatform
[2016.11.15-23.41.36:586][  0]LogTemp:Display: Loaded TP IOSTargetPlatform
[2016.11.15-23.41.36:601][  0]LogTemp:Display: Loaded TP TVOSTargetPlatform
[2016.11.15-23.41.36:615][  0]LogTemp:Display: Loaded TP LinuxClientTargetPlatform
[2016.11.15-23.41.36:631][  0]LogTemp:Display: Loaded TP LinuxNoEditorTargetPlatform
[2016.11.15-23.41.36:647][  0]LogTemp:Display: Loaded TP LinuxServerTargetPlatform
[2016.11.15-23.41.36:690][  0]LogTemp:Display: Loaded TP LinuxTargetPlatform
[2016.11.15-23.41.36:690][  0]LogTargetPlatformManager:Display: Building Assets For Windows
[2016.11.15-23.41.37:332][  0]LogDerivedDataCache:Display: Max Cache Size: 512 MB
[2016.11.15-23.41.38:558][  0]LogDerivedDataCache: Loaded boot cache 1.23s 73MB C:/Users/till/AppData/Local/UnrealEngine/4.13/DerivedDataCache/Boot.ddc.
[2016.11.15-23.41.38:558][  0]LogDerivedDataCache:Display: Loaded Boot cache: C:/Users/till/AppData/Local/UnrealEngine/4.13/DerivedDataCache/Boot.ddc
[2016.11.15-23.41.38:558][  0]LogDerivedDataCache: FDerivedDataBackendGraph:  Pak pak cache file ../../../../../../UnrealProjects/VRprojectWstartCont1/DerivedDataCache/DDC.ddp not found, will not use a pak cache.
[2016.11.15-23.41.38:558][  0]LogDerivedDataCache: Unable to find inner node Pak for hierarchical cache Hierarchy.
[2016.11.15-23.41.38:558][  0]LogDerivedDataCache: FDerivedDataBackendGraph:  CompressedPak pak cache file ../../../../../../UnrealProjects/VRprojectWstartCont1/DerivedDataCache/Compressed.ddp not found, will not use a pak cache.
[2016.11.15-23.41.38:558][  0]LogDerivedDataCache: Unable to find inner node CompressedPak for hierarchical cache Hierarchy.
[2016.11.15-23.41.38:594][  0]LogDerivedDataCache:Display: Pak cache opened for reading ../../../Engine/DerivedDataCache/Compressed.ddp.
[2016.11.15-23.41.38:606][  0]LogDerivedDataCache: Using Local data cache path C:/Users/till/AppData/Local/UnrealEngine/Common/DerivedDataCache: Writable
[2016.11.15-23.41.41:596][  0]LogInit: Selected Device Profile: [Windows]
[2016.11.15-23.41.41:597][  0]LogMaterial: Uniform references updated for custom material expression Custom.
[2016.11.15-23.41.41:603][  0]LogContentStreaming: Texture pool size is 0.00 MB
[2016.11.15-23.41.41:935][  0]LogMeshUtilities: No automatic mesh reduction module available
[2016.11.15-23.41.41:935][  0]LogMeshUtilities: No automatic mesh merging module available
[2016.11.15-23.41.41:935][  0]LogMeshUtilities: No distributed automatic mesh merging module available
[2016.11.15-23.41.43:713][  0]LogNetVersion: GetLocalNetworkVersion: CL: 3106830, ProjectName: vrprojectwstartcont1, ProjectVersion: , EngineNetworkVersion: 1, GameNetworkVersion: 0, NetworkChecksum: 2759988753
[2016.11.15-23.41.43:866][  0]LogAssetRegistry: FAssetRegistry took 0.0200 seconds to start up
[2016.11.15-23.41.43:942][  0]LogPackageLocalizationCache: Processed 3 localized package path(s) for 1 prioritized culture(s) in 0.071365 seconds
[2016.11.15-23.41.43:951][  0]LogUObjectArray: 29778 objects as part of root set at end of initial load.
[2016.11.15-23.41.43:951][  0]LogUObjectAllocator: 6125456 out of 0 bytes used by permanent object pool.
[2016.11.15-23.41.43:951][  0]LogUObjectArray: CloseDisregardForGC: 0/0 objects in disregard for GC pool
[2016.11.15-23.41.43:958][  0]LogInit: WinSock: version 1.1 (2.2), MaxSocks=32767, MaxUdp=65467
[2016.11.15-23.41.45:864][  0]LogSlate: SlateFontCache - WITH_FREETYPE: 1, WITH_HARFBUZZ: 1
[2016.11.15-23.41.45:864][  0]LogSlate: SlateFontCache - WITH_FREETYPE: 1, WITH_HARFBUZZ: 1
[2016.11.15-23.42.08:465][  0]LogTcpMessaging: Initializing TcpMessaging bridge
[2016.11.15-23.42.08:495][  0]LogUdpMessaging: Initializing bridge on interface 0.0.0.0:0 to multicast group 230.0.0.1:6666.
[2016.11.15-23.42.09:027][  0]SourceControl: Info Source control is disabled
[2016.11.15-23.42.09:027][  0]SourceControl: Info Source control is disabled
[2016.11.15-23.42.09:049][  0]SourceControl: Info Source control is disabled
[2016.11.15-23.42.09:086][  0]SourceControl: Info Source control is disabled
[2016.11.15-23.42.09:942][  0]LogEngine: Initializing Engine...
[2016.11.15-23.42.10:094][  0]LogHMD: SteamVR initialized.  Driver: lighthouse  Display: LHR-93B68B81
[2016.11.15-23.42.10:165][  0]LogMaterial: Missing cached shader map for material MAT_LevelColorationLitLightmapUV, compiling. Is special engine material.
[2016.11.15-23.42.11:010][  0]LogMaterial: Missing cached shader map for material ShadedLevelColorationLitMaterial, compiling. Is special engine material.
[2016.11.15-23.42.12:039][  0]LogMaterial: Missing cached shader map for material ShadedLevelColorationUnlitMateri, compiling. Is special engine material.
[2016.11.15-23.42.12:349][  0]LogMaterial: Missing cached shader map for material VertexColorMaterial, compiling. 
[2016.11.15-23.42.12:475][  0]LogMaterial: Missing cached shader map for material VertexColorViewMode_ColorOnly, compiling. 
[2016.11.15-23.42.12:499][  0]LogMaterial: Missing cached shader map for material VertexColorViewMode_AlphaAsColor, compiling. 
[2016.11.15-23.42.12:580][  0]LogMaterial: Missing cached shader map for material VertexColorViewMode_RedOnly, compiling. 
[2016.11.15-23.42.12:632][  0]LogMaterial: Missing cached shader map for material VertexColorViewMode_GreenOnly, compiling. 
[2016.11.15-23.42.12:670][  0]LogMaterial: Missing cached shader map for material VertexColorViewMode_BlueOnly, compiling. 
[2016.11.15-23.42.12:776][  0]LogMaterial: Missing cached shader map for material GeomMaterial, compiling. 
[2016.11.15-23.42.12:802][  0]LogMaterial: Missing cached shader map for material EditorBrushMaterial, compiling. 
[2016.11.15-23.42.12:915][  0]LogMaterial: Missing cached shader map for material BoneWeightMaterial, compiling. 
[2016.11.15-23.42.13:080][  0]LogMaterial: Missing cached shader map for material PreviewShadowIndicatorMaterial, compiling. 
[2016.11.15-23.42.13:245][  0]LogAIModule: Creating AISystem for world Untitled
[2016.11.15-23.42.13:345][  0]LogInit: XAudio2 using 'Lautsprecher (Realtek High Definition Audio)' : 2 channels at 48 kHz using 32 bits per sample (channel mask 0x3)
[2016.11.15-23.42.13:792][  0]LogInit: FAudioDevice initialized.
[2016.11.15-23.42.13:891][  0]LogDerivedDataCache: Saved boot cache 0.10s 80MB C:/Users/till/AppData/Local/UnrealEngine/4.13/DerivedDataCache/Boot.ddc.
[2016.11.15-23.42.13:929][  0]LogInit: Texture streaming: Enabled
[2016.11.15-23.42.14:230][  0]LogInit: Transaction tracking system initialized
[2016.11.15-23.42.14:424][  0]BlueprintLog: New page: Editor Load
[2016.11.15-23.42.14:999][  0]LocalizationService: Info Localization service is disabled
[2016.11.15-23.42.16:226][  0]LogConsoleResponse:Display: 
[2016.11.15-23.42.16:333][  0]LogMaterial: Missing cached shader map for material Cross_Mat, compiling. 
[2016.11.15-23.42.16:389][  0]LogMaterial: Missing cached shader map for material PhAT_BoneSelectedMaterial, compiling. 
[2016.11.15-23.42.16:446][  0]LogMaterial: Missing cached shader map for material PhAT_ElemSelectedMaterial, compiling. 
[2016.11.15-23.42.16:490][  0]LogMaterial: Missing cached shader map for material PhAT_NoCollisionMaterial, compiling. 
[2016.11.15-23.42.16:520][  0]LogMaterial: Missing cached shader map for material PhAT_UnselectedMaterial, compiling. 
[2016.11.15-23.42.16:624][  0]LogMaterial: Missing cached shader map for material Tick_Mat, compiling. 
[2016.11.15-23.42.17:119][  0]LogMaterial: Missing cached shader map for material WidgetGridVertexColorMaterial_Ma, compiling. 
[2016.11.15-23.42.17:210][  0]LogMaterial: Missing cached shader map for material WidgetMaterial, compiling. 
[2016.11.15-23.42.17:405][  0]LogMaterial: Missing cached shader map for material WidgetMaterial_Current, compiling. 
[2016.11.15-23.42.17:433][  0]LogMaterial: Missing cached shader map for material WidgetMaterial_X, compiling. 
[2016.11.15-23.42.17:486][  0]LogMaterial: Missing cached shader map for material WidgetMaterial_Y, compiling. 
[2016.11.15-23.42.17:528][  0]LogMaterial: Missing cached shader map for material WidgetMaterial_Z, compiling. 
[2016.11.15-23.42.17:568][  0]LogMaterial: Missing cached shader map for material WidgetVertexColorMaterial, compiling. 
[2016.11.15-23.42.17:852][  0]LogMaterial: Missing cached shader map for material LevelGridMaterial, compiling. 
[2016.11.15-23.42.19:733][  0]LogMaterial: Missing cached shader map for material BlinkingCaret, compiling. 
[2016.11.15-23.42.20:530][  0]LogMaterial: Missing cached shader map for material M_StreamingPause, compiling. 
[2016.11.15-23.42.20:568][  0]LogCook:Display: Max memory allowance for cook 16384mb min free memory 0mb
[2016.11.15-23.42.20:568][  0]LogCook:Display: Mobile HDR setting 0
[2016.11.15-23.42.20:847][  0]LogFileCache: Scanning file cache for directory 'C:/UnrealProjects/VRprojectWstartCont1/Content/' took 0.02s
[2016.11.15-23.42.23:935][  0]SourceControl: Info Source control is disabled
[2016.11.15-23.42.23:935][  0]Cmd: MAP LOAD FILE="../../../../../../UnrealProjects/VRprojectWstartCont1/Content/VirtualRealityBP/Maps/StartupMap.umap" TEMPLATE=0 SHOWPROGRESS=1 FEATURELEVEL=3
[2016.11.15-23.42.23:993][  0]LightingResults: New page: Lighting Build
[2016.11.15-23.42.24:175][  0]MapCheck: New page: Map Check
[2016.11.15-23.42.24:175][  0]LightingResults: New page: Lighting Build
[2016.11.15-23.42.24:384][  0]LogAIModule: Creating AISystem for world StartupMap
[2016.11.15-23.42.24:404][  0]LogEditorServer: Finished looking for orphan Actors (0.000 secs)
[2016.11.15-23.42.24:406][  0]Cmd: MAP CHECKDEP NOCLEARLOG
[2016.11.15-23.42.24:493][  0]MapCheck: Info Map check complete: 0 Error(s), 0 Warning(s), took 86.736ms to complete.
[2016.11.15-23.42.24:493][  0]LogFileHelpers: Loading map 'StartupMap' took 0.558
[2016.11.15-23.42.25:074][  0]LogCollectionManager: Loaded 0 collections in 0.002540 seconds
[2016.11.15-23.42.25:204][  0]LogFileCache: Scanning file cache for directory 'C:/UnrealProjects/VRprojectWstartCont1/Saved/Collections/' took 0.01s
[2016.11.15-23.42.25:204][  0]LogFileCache: Scanning file cache for directory 'C:/UnrealProjects/VRprojectWstartCont1/Content/Developers/till/Collections/' took 0.00s
[2016.11.15-23.42.25:204][  0]LogFileCache: Scanning file cache for directory 'C:/UnrealProjects/VRprojectWstartCont1/Content/Collections/' took 0.00s
[2016.11.15-23.42.25:204][  0]LogCollectionManager: Rebuilt the GUID cache for 0 collections in 0.000003 seconds
[2016.11.15-23.42.25:227][  0]LogContentBrowser: Native class hierarchy populated in 0.0227 seconds. Added 2141 classes and 415 folders.
[2016.11.15-23.42.25:238][  0]LogStats: UGameplayTagsManager::ConstructGameplayTagTree: Construct from data asset -  0.000 s
[2016.11.15-23.42.25:238][  0]LogStats: UGameplayTagsManager::ConstructGameplayTagTree: GameplayTagTreeChangedEvent.Broadcast -  0.000 s
[2016.11.15-23.42.25:239][  0]LogContentBrowser: Native class hierarchy updated for 'GameplayTags' in 0.0011 seconds. Added 12 classes and 0 folders.
[2016.11.15-23.42.25:248][  0]LogContentBrowser: Native class hierarchy updated for 'WidgetCarousel' in 0.0010 seconds. Added 0 classes and 0 folders.
[2016.11.15-23.42.25:333][  0]LogContentBrowser: Native class hierarchy updated for 'AddContentDialog' in 0.0011 seconds. Added 0 classes and 0 folders.
[2016.11.15-23.42.25:350][  0]LogContentBrowser: Native class hierarchy updated for 'SceneOutliner' in 0.0020 seconds. Added 1 classes and 2 folders.
[2016.11.15-23.42.25:464][  0]LogCrashTracker: Crashtracker disabled due to settings.
[2016.11.15-23.42.25:599][  0]LogUObjectGlobals:Warning: Failed to find object 'Class None.'
[2016.11.15-23.42.25:889][  0]LogContentBrowser: Native class hierarchy updated for 'HierarchicalLODOutliner' in 0.0009 seconds. Added 1 classes and 2 folders.
[2016.11.15-23.42.25:890][  0]LogLoad: (Engine Initialization) Total time: 84.06 seconds
[2016.11.15-23.42.25:891][  0]LogLoad: (Engine Initialization) Total Blueprint compile time: 0.08 seconds
[2016.11.15-23.42.25:891][  0]LogExternalProfiler: Found external profiler: VSPerf
[2016.11.15-23.42.25:891][  0]LogExternalProfiler: Using external profiler: VSPerf
[2016.11.15-23.42.26:323][  0]LogOcInput: OculusInput pre-init called
[2016.11.15-23.42.26:870][  0]LogContentStreaming: Texture pool size now 1000 MB
[2016.11.15-23.42.27:732][  0]LogMaterial: Missing cached shader map for material LevelGridMaterial2, compiling. 
[2016.11.15-23.42.27:938][  0]LogRenderer: Reallocating scene render targets to support 1208x676 (Frame:2).
[2016.11.15-23.42.28:368][  3]LogAssetRegistry: Asset discovery search completed in 44.5217 seconds
[2016.11.15-23.42.28:368][  3]LogCollectionManager: Rebuilt the object cache for 0 collections in 0.000001 seconds (found 0 objects)
[2016.11.15-23.42.28:368][  3]LogCollectionManager: Fixed up redirectors for 0 collections in 0.000030 seconds (updated 0 objects)
[2016.11.15-23.42.57:155][825]LogEditorViewport: Clicking on Actor (LMB): StaticMeshActor (Cylinder2)
[2016.11.15-23.42.59:489][894]LogEditorViewport: Clicking on Actor (LMB): StaticMeshActor (1x1_cube)
[2016.11.15-23.43.01:542][937]LogEditorViewport: Clicking on Actor (LMB): TextRenderActor (TextRenderActor9)
[2016.11.15-23.43.03:787][995]LogEditorViewport: Clicking on Actor (LMB): StaticMeshActor (1x1_cube)
[2016.11.15-23.43.14:656][286]LogEditorViewport: Clicking on Actor (LMB): StaticMeshActor (1x1_cube)
[2016.11.15-23.43.18:594][414]LogEditorViewport: Clicking on Actor (LMB): StaticMeshActor (GenericHMD2)
[2016.11.15-23.43.20:999][486]Cmd: CAMERA ALIGN ACTIVEVIEWPORTONLY
[2016.11.15-23.44.19:627][212]LogEditorViewport: Clicking on Actor (LMB): TextRenderActor (TextRenderActor2)
[2016.11.15-23.44.23:613][324]LogEditorViewport: Clicking on Actor (LMB): StaticMeshActor (1x1_cube)
[2016.11.15-23.46.02:688][136]LogSynthBenchmark:Display: FSynthBenchmark (V0.95):  requested WorkScale=1.00
[2016.11.15-23.46.02:688][136]LogSynthBenchmark:Display: ===============
[2016.11.15-23.46.02:688][136]LogSynthBenchmark:Display: Main Processor:
[2016.11.15-23.46.02:794][136]LogSynthBenchmark:Display:          ... 0.066794 s/Run 'RayIntersect'
[2016.11.15-23.46.02:794][136]LogSynthBenchmark:Display:          ... 0.039343 s/Run 'Fractal'
[2016.11.15-23.46.02:794][136]LogSynthBenchmark:Display: 
[2016.11.15-23.46.02:794][136]LogSynthBenchmark:Display:   CompiledTarget_x_Bits: 64
[2016.11.15-23.46.02:794][136]LogSynthBenchmark:Display:   UE_BUILD_SHIPPING: 0
[2016.11.15-23.46.02:794][136]LogSynthBenchmark:Display:   UE_BUILD_TEST: 0
[2016.11.15-23.46.02:794][136]LogSynthBenchmark:Display:   UE_BUILD_DEBUG: 0
[2016.11.15-23.46.02:794][136]LogSynthBenchmark:Display:   TotalPhysicalGBRam: 4
[2016.11.15-23.46.02:794][136]LogSynthBenchmark:Display:   NumberOfCores (physical): 4
[2016.11.15-23.46.02:794][136]LogSynthBenchmark:Display:   NumberOfCores (logical): 4
[2016.11.15-23.46.02:794][136]LogSynthBenchmark:Display:   CPU Perf Index 0: 38.3 (weight 1.00)
[2016.11.15-23.46.02:795][136]LogSynthBenchmark:Display:   CPU Perf Index 1: 72.7 (weight 1.50)
[2016.11.15-23.46.02:795][136]LogSynthBenchmark:Display:  
[2016.11.15-23.46.02:795][136]LogSynthBenchmark:Display: Graphics:
[2016.11.15-23.46.02:795][136]LogSynthBenchmark:Display:   Adapter Name: 'NVIDIA GeForce GTX 680'
[2016.11.15-23.46.02:795][136]LogSynthBenchmark:Display:   (On Optimus the name might be wrong, memory should be ok)
[2016.11.15-23.46.02:795][136]LogSynthBenchmark:Display:   Vendor Id: 0x10de
[2016.11.15-23.46.02:795][136]LogSynthBenchmark:Display:   Device Id: 0x1180
[2016.11.15-23.46.02:795][136]LogSynthBenchmark:Display:   GPU Memory: 4027/0/1792 MB
[2016.11.15-23.46.02:886][136]LogSynthBenchmark:Display:   GPU first test: 0.02s
[2016.11.15-23.46.02:886][136]LogSynthBenchmark:Display:          ... 1.977 GigaPix/s, Confidence=100% 'ALUHeavyNoise' (likely to be very inaccurate)
[2016.11.15-23.46.02:886][136]LogSynthBenchmark:Display:          ... 2.371 GigaPix/s, Confidence=100% 'TexHeavy' (likely to be very inaccurate)
[2016.11.15-23.46.02:886][136]LogSynthBenchmark:Display:          ... 1.712 GigaPix/s, Confidence=100% 'DepTexHeavy' (likely to be very inaccurate)
[2016.11.15-23.46.02:886][136]LogSynthBenchmark:Display:          ... 3.551 GigaPix/s, Confidence=100% 'FillOnly' (likely to be very inaccurate)
[2016.11.15-23.46.02:886][136]LogSynthBenchmark:Display:          ... 0.781 GigaPix/s, Confidence=100% 'Bandwidth' (likely to be very inaccurate)
[2016.11.15-23.46.04:564][136]LogSynthBenchmark:Display:   GPU second test: 0.02s
[2016.11.15-23.46.04:564][136]LogSynthBenchmark:Display:          ... 4.050 GigaPix/s, Confidence=100% 'ALUHeavyNoise' (likely to be inaccurate)
[2016.11.15-23.46.04:564][136]LogSynthBenchmark:Display:          ... 6.314 GigaPix/s, Confidence=100% 'TexHeavy' (likely to be inaccurate)
[2016.11.15-23.46.04:564][136]LogSynthBenchmark:Display:          ... 3.374 GigaPix/s, Confidence=100% 'DepTexHeavy' (likely to be inaccurate)
[2016.11.15-23.46.04:564][136]LogSynthBenchmark:Display:          ... 15.130 GigaPix/s, Confidence=100% 'FillOnly' (likely to be inaccurate)
[2016.11.15-23.46.04:564][136]LogSynthBenchmark:Display:          ... 1.007 GigaPix/s, Confidence=100% 'Bandwidth' (likely to be inaccurate)
[2016.11.15-23.46.04:758][136]LogSynthBenchmark:Display:   GPU third test: 0.16s
[2016.11.15-23.46.04:758][136]LogSynthBenchmark:Display:          ... 4.509 GigaPix/s, Confidence=100% 'ALUHeavyNoise'
[2016.11.15-23.46.04:758][136]LogSynthBenchmark:Display:          ... 7.685 GigaPix/s, Confidence=100% 'TexHeavy'
[2016.11.15-23.46.04:758][136]LogSynthBenchmark:Display:          ... 3.976 GigaPix/s, Confidence=100% 'DepTexHeavy'
[2016.11.15-23.46.04:758][136]LogSynthBenchmark:Display:          ... 24.458 GigaPix/s, Confidence=89% 'FillOnly'
[2016.11.15-23.46.04:758][136]LogSynthBenchmark:Display:          ... 1.050 GigaPix/s, Confidence=100% 'Bandwidth'
[2016.11.15-23.46.04:758][136]LogSynthBenchmark:Display: 
[2016.11.15-23.46.04:758][136]LogSynthBenchmark:Display:   GPU Perf Index 0: 98.0 (weight 1.00)
[2016.11.15-23.46.04:758][136]LogSynthBenchmark:Display:   GPU Perf Index 1: 103.2 (weight 0.10)
[2016.11.15-23.46.04:758][136]LogSynthBenchmark:Display:   GPU Perf Index 2: 103.3 (weight 0.10)
[2016.11.15-23.46.04:758][136]LogSynthBenchmark:Display:   GPU Perf Index 3: 96.1 (weight 3.00)
[2016.11.15-23.46.04:758][136]LogSynthBenchmark:Display:   GPU Perf Index 4: 98.0 (weight 1.00)
[2016.11.15-23.46.04:758][136]LogSynthBenchmark:Display:   CPUIndex: 59.0
[2016.11.15-23.46.04:758][136]LogSynthBenchmark:Display:   GPUIndex: 97.1
[2016.11.15-23.46.04:758][136]LogSynthBenchmark:Display: 
[2016.11.15-23.46.04:758][136]LogSynthBenchmark:Display:          ... Total Time: 2.070448 sec
[2016.11.15-23.46.04:759][136]LogConsoleManager:Warning: Setting the console variable 'r.ScreenPercentage' with 'SetByScalability' was ignored as it is lower priority than the previous 'SetByCode'
[2016.11.15-23.46.04:763][136]LogConsoleManager:Warning: Setting the console variable 'r.ScreenPercentage' with 'SetByScalability' was ignored as it is lower priority than the previous 'SetByCode'
[2016.11.15-23.46.06:344][140]LogContentStreaming: Texture pool size now 800 MB
[2016.11.15-23.46.24:235][168]LogRenderer: Reallocating scene render targets to support 1208x676 (Frame:5061).
[2016.11.15-23.59.55:164][850]LogTexture:Display: Building textures: HQ_Lightmap0_1 (AutoDXT)
[2016.11.15-23.59.56:557][850]LogTexture:Display: Building textures: HQ_Lightmap1_2 (AutoDXT)
[2016.11.15-23.59.57:314][850]LogTexture:Display: Building textures: HQ_Lightmap1_3 (AutoDXT)
[2016.11.15-23.59.57:358][850]LogTexture:Display: Building textures: LQ_Lightmap_0_1 (DXT1)
[2016.11.15-23.59.57:828][850]LogTexture:Display: Building textures: LQ_Lightmap_1_2 (DXT1)
[2016.11.15-23.59.58:069][850]LogTexture:Display: Building textures: LQ_Lightmap_1_3 (DXT1)
[2016.11.15-23.59.58:078][850]LogTexture:Display: Building textures: ShadowMapTexture2D_41 (G8)
[2016.11.15-23.59.58:122][850]LogTexture:Display: Building textures: ShadowMapTexture2D_42 (G8)
[2016.11.15-23.59.58:167][850]LogTexture:Display: Building textures: ShadowMapTexture2D_43 (G8)
[2016.11.15-23.59.58:169][850]LogAIModule: Creating AISystem for world HMDLocomotionMap
[2016.11.15-23.59.58:478][850]Cmd: MAP LOAD FILE="../../../../../../UnrealProjects/VRprojectWstartCont1/Content/VirtualRealityBP/Maps/HMDLocomotionMap.umap" TEMPLATE=0 SHOWPROGRESS=1 FEATURELEVEL=3
[2016.11.15-23.59.58:478][850]LightingResults: New page: Lighting Build
[2016.11.15-23.59.58:479][850]LoadErrors: New page: Loading map: HMDLocomotionMap.umap
[2016.11.15-23.59.58:481][850]MapCheck: New page: Map Check
[2016.11.15-23.59.58:481][850]LightingResults: New page: Lighting Build
[2016.11.15-23.59.58:596][850]LogEditorServer: Finished looking for orphan Actors (0.000 secs)
[2016.11.15-23.59.58:665][850]Cmd: MAP CHECKDEP NOCLEARLOG
[2016.11.15-23.59.58:722][850]MapCheck: Info Map check complete: 0 Error(s), 0 Warning(s), took 56.994ms to complete.
[2016.11.15-23.59.58:722][850]LogFileHelpers: Loading map 'HMDLocomotionMap' took 0.246
[2016.11.16-00.00.09:028][875]LogTexture:Display: Building textures: HQ_Lightmap0_1 (AutoDXT)
[2016.11.16-00.00.10:216][875]LogTexture:Display: Building textures: HQ_Lightmap0_2 (AutoDXT)
[2016.11.16-00.00.10:905][875]LogTexture:Display: Building textures: HQ_Lightmap0_3 (AutoDXT)
[2016.11.16-00.00.10:948][875]LogTexture:Display: Building textures: LQ_Lightmap_0_1 (DXT1)
[2016.11.16-00.00.11:389][875]LogTexture:Display: Building textures: LQ_Lightmap_0_2 (DXT1)
[2016.11.16-00.00.11:633][875]LogTexture:Display: Building textures: LQ_Lightmap_0_3 (DXT1)
[2016.11.16-00.00.11:641][875]LogTexture:Display: Building textures: ShadowMapTexture2D_0 (G8)
[2016.11.16-00.00.11:679][875]LogTexture:Display: Building textures: ShadowMapTexture2D_1 (G8)
[2016.11.16-00.00.11:715][875]LogTexture:Display: Building textures: ShadowMapTexture2D_2 (G8)
[2016.11.16-00.00.11:921][875]LogAIModule: Creating AISystem for world MotionControllerMap
[2016.11.16-00.00.11:986][875]Cmd: MAP LOAD FILE="../../../../../../UnrealProjects/VRprojectWstartCont1/Content/VirtualRealityBP/Maps/MotionControllerMap.umap" TEMPLATE=0 SHOWPROGRESS=1 FEATURELEVEL=3
[2016.11.16-00.00.11:986][875]LightingResults: New page: Lighting Build
[2016.11.16-00.00.11:986][875]LoadErrors: New page: Loading map: MotionControllerMap.umap
[2016.11.16-00.00.11:987][875]MapCheck: New page: Map Check
[2016.11.16-00.00.11:987][875]LightingResults: New page: Lighting Build
[2016.11.16-00.00.12:170][875]LogEditorServer: Finished looking for orphan Actors (0.000 secs)
[2016.11.16-00.00.12:202][875]Cmd: MAP CHECKDEP NOCLEARLOG
[2016.11.16-00.00.12:256][875]MapCheck: Info Map check complete: 0 Error(s), 0 Warning(s), took 54.075ms to complete.
[2016.11.16-00.00.12:256][875]LogFileHelpers: Loading map 'MotionControllerMap' took 0.272
[2016.11.16-00.00.18:278][493]LogBlueprintUserMessages: Early PlayInEditor Detection: Level '/Game/VirtualRealityBP/Maps/MotionControllerMap.MotionControllerMap:PersistentLevel' has LevelScriptBlueprint '/Game/VirtualRealityBP/Maps/MotionControllerMap.MotionControllerMap:PersistentLevel.MotionControllerMap' with GeneratedClass '/Game/VirtualRealityBP/Maps/MotionControllerMap.MotionControllerMap_C' with ClassGeneratedBy '/Game/VirtualRealityBP/Maps/MotionControllerMap.MotionControllerMap:PersistentLevel.MotionControllerMap'
[2016.11.16-00.00.18:278][493]LogPlayLevel: PlayLevel: No blueprints needed recompiling
[2016.11.16-00.00.18:278][493]PIE: New page: PIE session: MotionControllerM