Log file open, 12/08/16 21:38:06
LogInit:Display: Running engine for game: vrusct3
LogPlatformFile: Not using cached read wrapper
LogInit:Display: RandInit(-1869250982) SRandInit(-1869250982).
LogTaskGraph: Started task graph with 5 named threads and 8 total threads with 1 sets of task threads.
LogStats: Stats thread started at 0.122700
LogPluginManager: Loaded Plugin Paper2D, From C:/Program Files/Epic Games/4.13/Engine/Plugins/2D/Paper2D/Paper2D.uplugin
LogPluginManager: Loaded Plugin LightPropagationVolume, From C:/Program Files/Epic Games/4.13/Engine/Plugins/Blendables/LightPropagationVolume/LightPropagationVolume.uplugin
LogPluginManager: Loaded Plugin BlankPlugin, From C:/Program Files/Epic Games/4.13/Engine/Plugins/Developer/BlankPlugin/BlankPlugin.uplugin
LogPluginManager: Loaded Plugin CodeLiteSourceCodeAccess, From C:/Program Files/Epic Games/4.13/Engine/Plugins/Developer/CodeLiteSourceCodeAccess/CodeLiteSourceCodeAccess.uplugin
LogPluginManager: Loaded Plugin GitSourceControl, From C:/Program Files/Epic Games/4.13/Engine/Plugins/Developer/GitSourceControl/GitSourceControl.uplugin
LogPluginManager: Loaded Plugin KDevelopSourceCodeAccess, From C:/Program Files/Epic Games/4.13/Engine/Plugins/Developer/KDevelopSourceCodeAccess/KDevelopSourceCodeAccess.uplugin
LogPluginManager: Loaded Plugin NullSourceCodeAccess, From C:/Program Files/Epic Games/4.13/Engine/Plugins/Developer/NullSourceCodeAccess/NullSourceCodeAccess.uplugin
LogPluginManager: Loaded Plugin OneSkyLocalizationService, From C:/Program Files/Epic Games/4.13/Engine/Plugins/Developer/OneSkyLocalizationService/OneSkyLocalizationService.uplugin
LogPluginManager: Loaded Plugin PerforceSourceControl, From C:/Program Files/Epic Games/4.13/Engine/Plugins/Developer/PerforceSourceControl/PerforceSourceControl.uplugin
LogPluginManager: Loaded Plugin SubversionSourceControl, From C:/Program Files/Epic Games/4.13/Engine/Plugins/Developer/SubversionSourceControl/SubversionSourceControl.uplugin
LogPluginManager: Loaded Plugin UObjectPlugin, From C:/Program Files/Epic Games/4.13/Engine/Plugins/Developer/UObjectPlugin/UObjectPlugin.uplugin
LogPluginManager: Loaded Plugin VisualStudioSourceCodeAccess, From C:/Program Files/Epic Games/4.13/Engine/Plugins/Developer/VisualStudioSourceCodeAccess/VisualStudioSourceCodeAccess.uplugin
LogPluginManager: Loaded Plugin XCodeSourceCodeAccess, From C:/Program Files/Epic Games/4.13/Engine/Plugins/Developer/XCodeSourceCodeAccess/XCodeSourceCodeAccess.uplugin
LogPluginManager: Loaded Plugin EpicSurvey, From C:/Program Files/Epic Games/4.13/Engine/Plugins/Editor/EpicSurvey/EpicSurvey.uplugin
LogPluginManager: Loaded Plugin MacGraphicsSwitching, From C:/Program Files/Epic Games/4.13/Engine/Plugins/Editor/MacGraphicsSwitching/MacGraphicsSwitching.uplugin
LogPluginManager: Loaded Plugin MobileLauncherProfileWizard, From C:/Program Files/Epic Games/4.13/Engine/Plugins/Editor/MobileLauncherProfileWizard/MobileLauncherProfileWizard.uplugin
LogPluginManager: Loaded Plugin PluginBrowser, From C:/Program Files/Epic Games/4.13/Engine/Plugins/Editor/PluginBrowser/PluginBrowser.uplugin
LogPluginManager: Loaded Plugin SpeedTreeImporter, From C:/Program Files/Epic Games/4.13/Engine/Plugins/Editor/SpeedTreeImporter/SpeedTreeImporter.uplugin
LogPluginManager: Loaded Plugin SuperSearchEditor, From C:/Program Files/Epic Games/4.13/Engine/Plugins/Editor/SuperSearchEditor/SuperSearchEditor.uplugin
LogPluginManager: Loaded Plugin AlembicImporter, From C:/Program Files/Epic Games/4.13/Engine/Plugins/Experimental/AlembicImporter/AlembicImporter.uplugin
LogPluginManager: Loaded Plugin BlueprintStats, From C:/Program Files/Epic Games/4.13/Engine/Plugins/Experimental/BlueprintStats/BlueprintStats.uplugin
LogPluginManager: Loaded Plugin CharacterAI, From C:/Program Files/Epic Games/4.13/Engine/Plugins/Experimental/CharacterAI/CharacterAI.uplugin
LogPluginManager: Loaded Plugin CodeEditor, From C:/Program Files/Epic Games/4.13/Engine/Plugins/Experimental/CodeEditor/CodeEditor.uplugin
LogPluginManager: Loaded Plugin CodeView, From C:/Program Files/Epic Games/4.13/Engine/Plugins/Experimental/CodeView/CodeView.uplugin
LogPluginManager: Loaded Plugin HTML5Networking, From C:/Program Files/Epic Games/4.13/Engine/Plugins/Experimental/HTML5Networking/HTML5Networking.uplugin
LogPluginManager: Loaded Plugin LiveEditor, From C:/Program Files/Epic Games/4.13/Engine/Plugins/Experimental/LiveEditor/LiveEditor.uplugin
LogPluginManager: Loaded Plugin OSVR, From C:/Program Files/Epic Games/4.13/Engine/Plugins/Experimental/OSVR/OSVR.uplugin
LogPluginManager: Loaded Plugin Phya, From C:/Program Files/Epic Games/4.13/Engine/Plugins/Experimental/Phya/Phya.uplugin
LogPluginManager: Loaded Plugin SignificanceManager, From C:/Program Files/Epic Games/4.13/Engine/Plugins/Experimental/SignificanceManager/SignificanceManager.uplugin
LogPluginManager: Loaded Plugin SimpleHMD, From C:/Program Files/Epic Games/4.13/Engine/Plugins/Experimental/SimpleHMD/SimpleHMD.uplugin
LogPluginManager: Loaded Plugin StereoPanorama, From C:/Program Files/Epic Games/4.13/Engine/Plugins/Experimental/StereoPanorama/StereoPanorama.uplugin
LogPluginManager: Loaded Plugin StructBox, From C:/Program Files/Epic Games/4.13/Engine/Plugins/Experimental/StructBox/StructBox.uplugin
LogPluginManager: Loaded Plugin AndroidMedia, From C:/Program Files/Epic Games/4.13/Engine/Plugins/Media/AndroidMedia/AndroidMedia.uplugin
LogPluginManager: Loaded Plugin AvfMedia, From C:/Program Files/Epic Games/4.13/Engine/Plugins/Media/AvfMedia/AvfMedia.uplugin
LogPluginManager: Loaded Plugin MediaPlayerEditor, From C:/Program Files/Epic Games/4.13/Engine/Plugins/Media/MediaPlayerEditor/MediaPlayerEditor.uplugin
LogPluginManager: Loaded Plugin WmfMedia, From C:/Program Files/Epic Games/4.13/Engine/Plugins/Media/WmfMedia/WmfMedia.uplugin
LogPluginManager: Loaded Plugin MessagingDebugger, From C:/Program Files/Epic Games/4.13/Engine/Plugins/Messaging/MessagingDebugger/MessagingDebugger.uplugin
LogPluginManager: Loaded Plugin TcpMessaging, From C:/Program Files/Epic Games/4.13/Engine/Plugins/Messaging/TcpMessaging/TcpMessaging.uplugin
LogPluginManager: Loaded Plugin UdpMessaging, From C:/Program Files/Epic Games/4.13/Engine/Plugins/Messaging/UdpMessaging/UdpMessaging.uplugin
LogPluginManager: Loaded Plugin LevelSequenceEditor, From C:/Program Files/Epic Games/4.13/Engine/Plugins/MovieScene/LevelSequenceEditor/LevelSequenceEditor.uplugin
LogPluginManager: Loaded Plugin MatineeToLevelSequence, From C:/Program Files/Epic Games/4.13/Engine/Plugins/MovieScene/MatineeToLevelSequence/MatineeToLevelSequence.uplugin
LogPluginManager: Loaded Plugin NetcodeUnitTest, From C:/Program Files/Epic Games/4.13/Engine/Plugins/NetcodeUnitTest/NetcodeUnitTest/NetcodeUnitTest.uplugin
LogPluginManager: Loaded Plugin NUTUnrealEngine4, From C:/Program Files/Epic Games/4.13/Engine/Plugins/NetcodeUnitTest/NUTUnrealEngine4/NUTUnrealEngine4.uplugin
LogPluginManager: Loaded Plugin OnlineSubsystemGooglePlay, From C:/Program Files/Epic Games/4.13/Engine/Plugins/Online/Android/OnlineSubsystemGooglePlay/OnlineSubsystemGooglePlay.uplugin
LogPluginManager: Loaded Plugin OnlineSubsystemIOS, From C:/Program Files/Epic Games/4.13/Engine/Plugins/Online/IOS/OnlineSubsystemIOS/OnlineSubsystemIOS.uplugin
LogPluginManager: Loaded Plugin OnlineFramework, From C:/Program Files/Epic Games/4.13/Engine/Plugins/Online/OnlineFramework/OnlineFramework.uplugin
LogPluginManager: Loaded Plugin OnlineSubsystem, From C:/Program Files/Epic Games/4.13/Engine/Plugins/Online/OnlineSubsystem/OnlineSubsystem.uplugin
LogPluginManager: Loaded Plugin OnlineSubsystemAmazon, From C:/Program Files/Epic Games/4.13/Engine/Plugins/Online/OnlineSubsystemAmazon/OnlineSubsystemAmazon.uplugin
LogPluginManager: Loaded Plugin OnlineSubsystemFacebook, From C:/Program Files/Epic Games/4.13/Engine/Plugins/Online/OnlineSubsystemFacebook/OnlineSubsystemFacebook.uplugin
LogPluginManager: Loaded Plugin OnlineSubsystemNull, From C:/Program Files/Epic Games/4.13/Engine/Plugins/Online/OnlineSubsystemNull/OnlineSubsystemNull.uplugin
LogPluginManager: Loaded Plugin OnlineSubsystemOculus, From C:/Program Files/Epic Games/4.13/Engine/Plugins/Online/OnlineSubsystemOculus/OnlineSubsystemOculus.uplugin
LogPluginManager: Loaded Plugin OnlineSubsystemSteam, From C:/Program Files/Epic Games/4.13/Engine/Plugins/Online/OnlineSubsystemSteam/OnlineSubsystemSteam.uplugin
LogPluginManager: Loaded Plugin OnlineSubsystemUtils, From C:/Program Files/Epic Games/4.13/Engine/Plugins/Online/OnlineSubsystemUtils/OnlineSubsystemUtils.uplugin
LogPluginManager: Loaded Plugin IOSTapJoy, From C:/Program Files/Epic Games/4.13/Engine/Plugins/Runtime/Advertising/IOSTapJoy/IOSTapJoy.uplugin
LogPluginManager: Loaded Plugin AnalyticsBlueprintLibrary, From C:/Program Files/Epic Games/4.13/Engine/Plugins/Runtime/Analytics/AnalyticsBlueprintLibrary/AnalyticsBlueprintLibrary.uplugin
LogPluginManager: Loaded Plugin AnalyticsMulticast, From C:/Program Files/Epic Games/4.13/Engine/Plugins/Runtime/Analytics/AnalyticsMulticast/AnalyticsMulticast.uplugin
LogPluginManager: Loaded Plugin Apsalar, From C:/Program Files/Epic Games/4.13/Engine/Plugins/Runtime/Analytics/Apsalar/Apsalar.uplugin
LogPluginManager: Loaded Plugin FileLogging, From C:/Program Files/Epic Games/4.13/Engine/Plugins/Runtime/Analytics/FileLogging/FileLogging.uplugin
LogPluginManager: Loaded Plugin Flurry, From C:/Program Files/Epic Games/4.13/Engine/Plugins/Runtime/Analytics/Flurry/Flurry.uplugin
LogPluginManager: Loaded Plugin AndroidDeviceProfileSelector, From C:/Program Files/Epic Games/4.13/Engine/Plugins/Runtime/AndroidDeviceProfileSelector/AndroidDeviceProfileSelector.uplugin
LogPluginManager: Loaded Plugin AndroidMoviePlayer, From C:/Program Files/Epic Games/4.13/Engine/Plugins/Runtime/AndroidMoviePlayer/AndroidMoviePlayer.uplugin
LogPluginManager: Loaded Plugin AppleMoviePlayer, From C:/Program Files/Epic Games/4.13/Engine/Plugins/Runtime/AppleMoviePlayer/AppleMoviePlayer.uplugin
LogPluginManager: Loaded Plugin ArchVisCharacter, From C:/Program Files/Epic Games/4.13/Engine/Plugins/Runtime/ArchVisCharacter/ArchVisCharacter.uplugin
LogPluginManager: Loaded Plugin CableComponent, From C:/Program Files/Epic Games/4.13/Engine/Plugins/Runtime/CableComponent/CableComponent.uplugin
LogPluginManager: Loaded Plugin CustomMeshComponent, From C:/Program Files/Epic Games/4.13/Engine/Plugins/Runtime/CustomMeshComponent/CustomMeshComponent.uplugin
LogPluginManager: Loaded Plugin ExampleDeviceProfileSelector, From C:/Program Files/Epic Games/4.13/Engine/Plugins/Runtime/ExampleDeviceProfileSelector/ExampleDeviceProfileSelector.uplugin
LogPluginManager: Loaded Plugin GearVR, From C:/Program Files/Epic Games/4.13/Engine/Plugins/Runtime/GearVR/GearVR.uplugin
LogPluginManager: Loaded Plugin GoogleVRController, From C:/Program Files/Epic Games/4.13/Engine/Plugins/Runtime/GoogleVR/GoogleVRController/GoogleVRController.uplugin
LogPluginManager: Loaded Plugin GoogleVRHMD, From C:/Program Files/Epic Games/4.13/Engine/Plugins/Runtime/GoogleVR/GoogleVRHMD/GoogleVRHMD.uplugin
LogPluginManager: Loaded Plugin IOSDeviceProfileSelector, From C:/Program Files/Epic Games/4.13/Engine/Plugins/Runtime/IOSDeviceProfileSelector/IOSDeviceProfileSelector.uplugin
LogPluginManager: Loaded Plugin LeapMotion, From C:/Program Files/Epic Games/4.13/Engine/Plugins/Runtime/LeapMotion/LeapMotion.uplugin
LogPluginManager: Loaded Plugin LinuxDeviceProfileSelector, From C:/Program Files/Epic Games/4.13/Engine/Plugins/Runtime/LinuxDeviceProfileSelector/LinuxDeviceProfileSelector.uplugin
LogPluginManager: Loaded Plugin LiveEditorListenServer, From C:/Program Files/Epic Games/4.13/Engine/Plugins/Runtime/LiveEditorListenServer/LiveEditorListenServer.uplugin
LogPluginManager: Loaded Plugin OculusAudio, From C:/Program Files/Epic Games/4.13/Engine/Plugins/Runtime/OculusAudio/OculusAudio.uplugin
LogPluginManager: Loaded Plugin OculusInput, From C:/Program Files/Epic Games/4.13/Engine/Plugins/Runtime/OculusInput/OculusInput.uplugin
LogPluginManager: Loaded Plugin OculusLibrary, From C:/Program Files/Epic Games/4.13/Engine/Plugins/Runtime/OculusLibrary/OculusLibrary.uplugin
LogPluginManager: Loaded Plugin OculusRift, From C:/Program Files/Epic Games/4.13/Engine/Plugins/Runtime/OculusRift/OculusRift.uplugin
LogPluginManager: Loaded Plugin Oodle, From C:/Program Files/Epic Games/4.13/Engine/Plugins/Runtime/PacketHandlers/CompressionComponents/Oodle/Oodle.uplugin
LogPluginManager: Loaded Plugin ProceduralMeshComponent, From C:/Program Files/Epic Games/4.13/Engine/Plugins/Runtime/ProceduralMeshComponent/ProceduralMeshComponent.uplugin
LogPluginManager: Loaded Plugin SoundMod, From C:/Program Files/Epic Games/4.13/Engine/Plugins/Runtime/SoundMod/SoundMod.uplugin
LogPluginManager: Loaded Plugin SoundVisualizations, From C:/Program Files/Epic Games/4.13/Engine/Plugins/Runtime/SoundVisualizations/SoundVisualizations.uplugin
LogPluginManager: Loaded Plugin SteamController, From C:/Program Files/Epic Games/4.13/Engine/Plugins/Runtime/Steam/SteamController/SteamController.uplugin
LogPluginManager: Loaded Plugin SteamVR, From C:/Program Files/Epic Games/4.13/Engine/Plugins/Runtime/Steam/SteamVR/SteamVR.uplugin
LogPluginManager: Loaded Plugin WebBrowserWidget, From C:/Program Files/Epic Games/4.13/Engine/Plugins/Runtime/WebBrowserWidget/WebBrowserWidget.uplugin
LogPluginManager: Loaded Plugin WindowsDeviceProfileSelector, From C:/Program Files/Epic Games/4.13/Engine/Plugins/Runtime/WindowsDeviceProfileSelector/WindowsDeviceProfileSelector.uplugin
LogPluginManager: Loaded Plugin WindowsMoviePlayer, From C:/Program Files/Epic Games/4.13/Engine/Plugins/Runtime/WindowsMoviePlayer/WindowsMoviePlayer.uplugin
LogPluginManager: Loaded Plugin ScriptPlugin, From C:/Program Files/Epic Games/4.13/Engine/Plugins/ScriptPlugin/ScriptPlugin.uplugin
LogPluginManager: Loaded Plugin SlateRemote, From C:/Program Files/Epic Games/4.13/Engine/Plugins/Slate/SlateRemote/SlateRemote.uplugin
LogInit: Using libcurl 7.47.1
LogInit:  - built for x86_64-pc-win32
LogInit:  - supports SSL with WinSSL
LogInit:  - other features:
LogInit:      CURL_VERSION_SSL
LogInit:      CURL_VERSION_IPV6
LogInit:      CURL_VERSION_ASYNCHDNS
LogInit:      CURL_VERSION_LARGEFILE
LogInit:      CURL_VERSION_IDN
LogInit:  CurlRequestOptions (configurable via config and command line):
LogInit:  - bVerifyPeer = false  - Libcurl will NOT verify peer certificate
LogInit:  - bUseHttpProxy = false  - Libcurl will NOT use HTTP proxy
LogInit:  - bDontReuseConnections = false  - Libcurl will reuse connections
LogInit:  - CertBundlePath = nullptr  - Libcurl will use whatever was configured at build time.
LogInit: Build: ++UE4+Release-4.13-CL-3142249
LogInit: Engine Version: 4.13.1-3142249+++UE4+Release-4.13
LogInit: Compatible Engine Version: 4.13.0-3106830+++UE4+Release-4.13
LogInit: Net CL: 3142249
LogDevObjectVersion: Number of dev versions registered: 13
LogDevObjectVersion:   Dev-Blueprints (B0D832E4-1F89-4F0D-ACCF-7EB736FD4AA2): 5
LogDevObjectVersion:   Dev-Build (E1C64328-A22C-4D53-A36C-8E866417BD8C): 0
LogDevObjectVersion:   Dev-Core (375EC13C-06E4-48FB-B500-84F0262A717E): 1
LogDevObjectVersion:   Dev-Editor (E4B068ED-F494-42E9-A231-DA0B2E46BB41): 6
LogDevObjectVersion:   Dev-Framework (CFFC743F-43B0-4480-9391-14DF171D2073): 12
LogDevObjectVersion:   Dev-Mobile (B02B49B5-BB20-44E9-A304-32B752E40360): 0
LogDevObjectVersion:   Dev-Networking (A4E4105C-59A1-49B5-A7C5-40C4547EDFEE): 0
LogDevObjectVersion:   Dev-Online (39C831C9-5AE6-47DC-9A44-9C173E1C8E7C): 0
LogDevObjectVersion:   Dev-Physics (78F01B33-EBEA-4F98-B9B4-84EACCB95AA2): 0
LogDevObjectVersion:   Dev-Platform (6631380F-2D4D-43E0-8009-CF276956A95A): 0
LogDevObjectVersion:   Dev-Rendering (12F88B9F-8875-4AFC-A67C-D90C383ABD29): 4
LogDevObjectVersion:   Dev-Sequencer (7B5AE74C-D270-4C10-A958-57980B212A5A): 0
LogDevObjectVersion:   Dev-VR (D7296918-1DD6-4BDD-9DE2-64A83CC13884): 0
LogInit: Compiled (64-bit): Sep 28 2016 02:12:12
LogInit: Compiled with Visual C++: 19.00.23026.00
LogInit: Build Configuration: Development
LogInit: Branch Name: ++UE4+Release-4.13
LogInit: Command line:  
LogInit: Base directory: C:/Program Files/Epic Games/4.13/Engine/Binaries/Win64/
LogInit: Installed Engine Build: 1
LogInit: Presizing for max 8388607 objects, including 0 objects not considered by GC, pre-allocating 0 bytes for permanent pool.
LogInit: Object subsystem initialized
[2016.12.08-20.38.06:599][  0]LogInit: Selected Device Profile: [Windows]
[2016.12.08-20.38.06:599][  0]LogInit: Applying CVar settings loaded from the selected device profile: [Windows]
[2016.12.08-20.38.07:035][  0]LogInit: Computer: USER-PC
[2016.12.08-20.38.07:035][  0]LogInit: User: till
[2016.12.08-20.38.07:035][  0]LogInit: CPU Page size=65536, Cores=4
[2016.12.08-20.38.07:035][  0]LogInit: High frequency timer resolution =3.138994 MHz
[2016.12.08-20.38.07:035][  0]LogMemory: Memory total: Physical=4.0GB (4GB approx)
[2016.12.08-20.38.07:035][  0]LogMemory: Platform Memory Stats for Windows
[2016.12.08-20.38.07:035][  0]LogMemory: Process Physical Memory: 256.05 MB used, 256.05 MB peak
[2016.12.08-20.38.07:035][  0]LogMemory: Process Virtual Memory: 260.54 MB used, 260.54 MB peak
[2016.12.08-20.38.07:035][  0]LogMemory: Physical Memory: 3429.16 MB used, 4095.18 MB total
[2016.12.08-20.38.07:035][  0]LogMemory: Virtual Memory: 590.46 MB used, 8388608.00 MB total
[2016.12.08-20.38.13:923][  0]LogTextLocalizationManager: No translations for ('de-DE') exist, falling back to 'en' for localization and internationalization data.
[2016.12.08-20.38.17:357][  0]LogD3D11RHI: D3D11 adapters:
[2016.12.08-20.38.17:486][  0]LogD3D11RHI:    0. 'NVIDIA GeForce GTX 680' (Feature Level 11_0)
[2016.12.08-20.38.17:486][  0]LogD3D11RHI:       4026/0/1791 MB DedicatedVideo/DedicatedSystem/SharedSystem, Outputs:1, VendorId:0x10de
[2016.12.08-20.38.17:580][  0]LogD3D11RHI: Chosen D3D11 Adapter: 0
[2016.12.08-20.38.17:589][  0]LogD3D11RHI: Creating new Direct3DDevice
[2016.12.08-20.38.17:713][  0]LogD3D11RHI:     GPU DeviceId: 0x1180 (for the marketing name, search the web for "GPU Device Id")
[2016.12.08-20.38.17:939][  0]LogWindows: EnumDisplayDevices:
[2016.12.08-20.38.20:218][  0]LogWindows:    0. 'NVIDIA GeForce GTX 680' (P:1 D:1)
[2016.12.08-20.38.20:218][  0]LogWindows:    1. 'NVIDIA GeForce GTX 680' (P:0 D:0)
[2016.12.08-20.38.20:219][  0]LogWindows:    2. 'NVIDIA GeForce GTX 680' (P:0 D:0)
[2016.12.08-20.38.20:219][  0]LogWindows:    3. 'NVIDIA GeForce GTX 680' (P:0 D:0)
[2016.12.08-20.38.20:219][  0]LogWindows:    4. 'RDPDD Chained DD' (P:0 D:0)
[2016.12.08-20.38.20:219][  0]LogWindows:    5. 'RDP Encoder Mirror Driver' (P:0 D:0)
[2016.12.08-20.38.20:219][  0]LogWindows:    6. 'RDP Reflector Display Driver' (P:0 D:0)
[2016.12.08-20.38.20:220][  0]LogWindows: DebugString: GetVideoDriverDetailsInvalid PrimaryIsNotTheChoosenAdapter GetVideoDriverDetailsInvalid PrimaryIsNotTheChoosenAdapter GetVideoDriverDetailsInvalid PrimaryIsNotTheChoosenAdapter FoundDriverCount:4 
[2016.12.08-20.38.20:220][  0]LogD3D11RHI:     Adapter Name: NVIDIA GeForce GTX 680
[2016.12.08-20.38.20:311][  0]LogD3D11RHI:   Driver Version: 375.70 (internal:21.21.13.7570, unified:375.70)
[2016.12.08-20.38.20:311][  0]LogD3D11RHI:      Driver Date: 10-25-2016
[2016.12.08-20.38.20:311][  0]LogRHI: Texture pool is 1361 MB (70% of 1945 MB)
[2016.12.08-20.38.20:327][  0]LogD3D11RHI: Async texture creation enabled
[2016.12.08-20.38.24:657][  0]LogD3D11RHI: GPU Timing Frequency: 1000.000000 (Debug: 2 2)
[2016.12.08-20.38.26:431][  0]LogShaderCompilers: Guid format shader working directory is 5 characters bigger than the processId version (../../../../../../UnrealProjects/vrusct3/Intermediate/Shaders/WorkingDirectory/4608/).
[2016.12.08-20.38.26:431][  0]LogShaderCompilers: Cleaned the shader compiler working directory 'C:/Users/till/AppData/Local/Temp/UnrealShaderWorkingDir/698E0DBC46C77DCDC30A3A94F388C43D/'.
[2016.12.08-20.38.26:547][  0]LogShaderCompilers:Display: Using Local Shader Compiler.
[2016.12.08-20.39.48:824][  0]LogTemp:Display: Loaded TP AllDesktopTargetPlatform
[2016.12.08-20.39.49:184][  0]LogTemp:Display: Loaded TP WindowsClientTargetPlatform
[2016.12.08-20.39.49:555][  0]LogTemp:Display: Loaded TP WindowsNoEditorTargetPlatform
[2016.12.08-20.39.49:912][  0]LogTemp:Display: Loaded TP WindowsServerTargetPlatform
[2016.12.08-20.39.50:370][  0]LogTemp:Display: Loaded TP WindowsTargetPlatform
[2016.12.08-20.39.51:305][  0]LogTemp:Display: Loaded TP AndroidTargetPlatform
[2016.12.08-20.39.51:826][  0]LogTemp:Display: Loaded TP Android_ASTCTargetPlatform
[2016.12.08-20.39.52:340][  0]LogTemp:Display: Loaded TP Android_ATCTargetPlatform
[2016.12.08-20.39.52:832][  0]LogTemp:Display: Loaded TP Android_DXTTargetPlatform
[2016.12.08-20.39.53:274][  0]LogTemp:Display: Loaded TP Android_ETC1TargetPlatform
[2016.12.08-20.39.53:655][  0]LogTemp:Display: Loaded TP Android_ETC2TargetPlatform
[2016.12.08-20.39.54:579][  0]LogTemp:Display: Loaded TP Android_MultiTargetPlatform
[2016.12.08-20.39.54:579][  0]LogTemp:Display: Loaded TP Android_PVRTCTargetPlatform
[2016.12.08-20.39.55:148][  0]LogTemp:Display: Loaded TP HTML5TargetPlatform
[2016.12.08-20.39.56:830][  0]LogTemp:Display: Loaded TP IOSTargetPlatform
[2016.12.08-20.39.56:839][  0]LogTemp:Display: Loaded TP TVOSTargetPlatform
[2016.12.08-20.39.57:200][  0]LogTemp:Display: Loaded TP LinuxClientTargetPlatform
[2016.12.08-20.39.57:222][  0]LogTemp:Display: Loaded TP LinuxNoEditorTargetPlatform
[2016.12.08-20.39.57:246][  0]LogTemp:Display: Loaded TP LinuxServerTargetPlatform
[2016.12.08-20.39.57:940][  0]LogTemp:Display: Loaded TP LinuxTargetPlatform
[2016.12.08-20.39.57:940][  0]LogTargetPlatformManager:Display: Building Assets For Windows
[2016.12.08-20.40.14:784][  0]LogDerivedDataCache:Display: Max Cache Size: 512 MB
[2016.12.08-20.41.03:198][  0]LogDerivedDataCache: Loaded boot cache 48.08s 88MB C:/Users/till/AppData/Local/UnrealEngine/4.13/DerivedDataCache/Boot.ddc.
[2016.12.08-20.41.03:198][  0]LogDerivedDataCache:Display: Loaded Boot cache: C:/Users/till/AppData/Local/UnrealEngine/4.13/DerivedDataCache/Boot.ddc
[2016.12.08-20.41.03:198][  0]LogDerivedDataCache: FDerivedDataBackendGraph:  Pak pak cache file ../../../../../../UnrealProjects/vrusct3/DerivedDataCache/DDC.ddp not found, will not use a pak cache.
[2016.12.08-20.41.03:198][  0]LogDerivedDataCache: Unable to find inner node Pak for hierarchical cache Hierarchy.
[2016.12.08-20.41.03:198][  0]LogDerivedDataCache: FDerivedDataBackendGraph:  CompressedPak pak cache file ../../../../../../UnrealProjects/vrusct3/DerivedDataCache/Compressed.ddp not found, will not use a pak cache.
[2016.12.08-20.41.03:198][  0]LogDerivedDataCache: Unable to find inner node CompressedPak for hierarchical cache Hierarchy.
[2016.12.08-20.41.03:917][  0]LogDerivedDataCache:Display: Pak cache opened for reading ../../../Engine/DerivedDataCache/Compressed.ddp.
[2016.12.08-20.41.03:928][  0]LogDerivedDataCache: Using Local data cache path C:/Users/till/AppData/Local/UnrealEngine/Common/DerivedDataCache: Writable
[2016.12.08-20.43.41:628][  0]LogInit: Selected Device Profile: [Windows]
[2016.12.08-20.43.42:261][  0]LogMaterial: Uniform references updated for custom material expression Custom.
[2016.12.08-20.43.43:304][  0]LogContentStreaming: Texture pool size is 0.00 MB
[2016.12.08-20.44.07:258][  0]LogMeshUtilities: No automatic mesh reduction module available
[2016.12.08-20.44.07:258][  0]LogMeshUtilities: No automatic mesh merging module available
[2016.12.08-20.44.07:258][  0]LogMeshUtilities: No distributed automatic mesh merging module available
[2016.12.08-20.45.33:379][  0]LogNetVersion: GetLocalNetworkVersion: CL: 3106830, ProjectName: vrusct3, ProjectVersion: , EngineNetworkVersion: 1, GameNetworkVersion: 0, NetworkChecksum: 2027150891
[2016.12.08-20.45.39:735][  0]LogAssetRegistry: FAssetRegistry took 1.0210 seconds to start up
[2016.12.08-20.45.43:491][  0]LogPackageLocalizationCache: Processed 3 localized package path(s) for 1 prioritized culture(s) in 2.157428 seconds
[2016.12.08-20.45.44:188][  0]LogUObjectArray: 29778 objects as part of root set at end of initial load.
[2016.12.08-20.45.44:188][  0]LogUObjectAllocator: 6125456 out of 0 bytes used by permanent object pool.
[2016.12.08-20.45.44:188][  0]LogUObjectArray: CloseDisregardForGC: 0/0 objects in disregard for GC pool
[2016.12.08-20.45.45:353][  0]LogInit: WinSock: version 1.1 (2.2), MaxSocks=32767, MaxUdp=65467
[2016.12.08-20.48.32:287][  0]LogSlate: SlateFontCache - WITH_FREETYPE: 1, WITH_HARFBUZZ: 1
[2016.12.08-20.48.32:287][  0]LogSlate: SlateFontCache - WITH_FREETYPE: 1, WITH_HARFBUZZ: 1
[2016.12.08-20.52.19:334][  0]LogTcpMessaging: Initializing TcpMessaging bridge
[2016.12.08-20.52.20:861][  0]LogUdpMessaging: Initializing bridge on interface 0.0.0.0:0 to multicast group 230.0.0.1:6666.
[2016.12.08-20.53.09:406][  0]SourceControl: Info Source control is disabled
[2016.12.08-20.53.09:434][  0]SourceControl: Info Source control is disabled
[2016.12.08-20.53.13:763][  0]SourceControl: Info Source control is disabled
[2016.12.08-20.53.15:349][  0]SourceControl: Info Source control is disabled
[2016.12.08-20.54.20:342][  0]LogAutomationTest:Warning: Smoke tests took > 2s to run: 9.60s
[2016.12.08-20.54.21:836][  0]LogEngine: Initializing Engine...
[2016.12.08-20.54.53:462][  0]LogHMD: Failed to initialize OpenVR with code 308
[2016.12.08-20.55.17:848][  0]LogAIModule: Creating AISystem for world Untitled
[2016.12.08-20.55.25:146][  0]LogInit: XAudio2 using 'Lautsprecher (Realtek High Definition Audio)' : 2 channels at 48 kHz using 32 bits per sample (channel mask 0x3)
[2016.12.08-20.56.00:801][  0]LogInit: FAudioDevice initialized.
[2016.12.08-20.56.02:155][  0]LogDerivedDataCache: Saved boot cache 1.35s 88MB C:/Users/till/AppData/Local/UnrealEngine/4.13/DerivedDataCache/Boot.ddc.
[2016.12.08-20.56.02:182][  0]LogInit: Texture streaming: Enabled
[2016.12.08-20.56.23:528][  0]LogInit: Transaction tracking system initialized
[2016.12.08-20.56.39:393][  0]BlueprintLog: New page: Editor Load
[2016.12.08-20.57.32:041][  0]LocalizationService: Info Localization service is disabled
[2016.12.08-20.58.17:961][  0]LogConsoleResponse:Display: 
[2016.12.08-20.59.22:369][  0]LogCook:Display: Max memory allowance for cook 16384mb min free memory 0mb
[2016.12.08-20.59.22:481][  0]LogCook:Display: Mobile HDR setting 0
[2016.12.08-20.59.40:757][  0]LogFileCache: Scanning file cache for directory 'C:/UnrealProjects/vrusct3/Content/' took 17.54s
[2016.12.08-21.00.37:202][  0]SourceControl: Info Source control is disabled
[2016.12.08-21.00.39:294][  0]Cmd: MAP LOAD FILE="../../../../../../UnrealProjects/vrusct3/Content/VirtualRealityBP/Maps/MotionControllerMap.umap" TEMPLATE=0 SHOWPROGRESS=1 FEATURELEVEL=3
[2016.12.08-21.00.41:700][  0]LightingResults: New page: Lighting Build
[2016.12.08-21.00.50:705][  0]MapCheck: New page: Map Check
[2016.12.08-21.00.50:705][  0]LightingResults: New page: Lighting Build
[2016.12.08-21.04.03:087][  0]LogAIModule: Creating AISystem for world MotionControllerMap
[2016.12.08-21.04.20:488][  0]LogEditorServer: Finished looking for orphan Actors (0.114 secs)
[2016.12.08-21.04.24:508][  0]Cmd: MAP CHECKDEP NOCLEARLOG
[2016.12.08-21.04.25:288][  0]MapCheck: Info Map check complete: 0 Error(s), 0 Warning(s), took 442.05ms to complete.
[2016.12.08-21.04.25:288][  0]LogFileHelpers: Loading map 'MotionControllerMap' took 227.107
[2016.12.08-21.05.27:846][  0]LogCollectionManager: Loaded 0 collections in 0.001875 seconds
[2016.12.08-21.05.43:920][  0]LogFileCache: Scanning file cache for directory 'C:/UnrealProjects/vrusct3/Saved/Collections/' took 0.01s
[2016.12.08-21.05.43:920][  0]LogFileCache: Scanning file cache for directory 'C:/UnrealProjects/vrusct3/Content/Developers/till/Collections/' took 0.01s
[2016.12.08-21.05.43:920][  0]LogFileCache: Scanning file cache for directory 'C:/UnrealProjects/vrusct3/Content/Collections/' took 0.01s
[2016.12.08-21.05.43:920][  0]LogCollectionManager: Rebuilt the GUID cache for 0 collections in 0.000003 seconds
[2016.12.08-21.05.44:987][  0]LogContentBrowser: Native class hierarchy populated in 0.5688 seconds. Added 2141 classes and 415 folders.
[2016.12.08-21.05.46:664][  0]LogStats: UGameplayTagsManager::ConstructGameplayTagTree: Construct from data asset -  0.000 s
[2016.12.08-21.05.46:753][  0]LogStats: UGameplayTagsManager::ConstructGameplayTagTree: GameplayTagTreeChangedEvent.Broadcast -  0.089 s
[2016.12.08-21.05.46:988][  0]LogContentBrowser: Native class hierarchy updated for 'GameplayTags' in 0.0008 seconds. Added 12 classes and 0 folders.
[2016.12.08-21.05.47:559][  0]LogContentBrowser: Native class hierarchy updated for 'WidgetCarousel' in 0.0007 seconds. Added 0 classes and 0 folders.
[2016.12.08-21.06.33:643][  0]LogContentBrowser: Native class hierarchy updated for 'AddContentDialog' in 0.0007 seconds. Added 0 classes and 0 folders.
[2016.12.08-21.06.38:415][  0]LogContentBrowser: Native class hierarchy updated for 'SceneOutliner' in 0.0008 seconds. Added 1 classes and 2 folders.
[2016.12.08-21.07.33:328][  0]LogCrashTracker: Crashtracker disabled due to settings.
[2016.12.08-21.07.52:702][  0]LogUObjectGlobals:Warning: Failed to find object 'Class None.'
[2016.12.08-21.07.58:709][  0]LogContentBrowser: Native class hierarchy updated for 'HierarchicalLODOutliner' in 0.0007 seconds. Added 1 classes and 2 folders.
[2016.12.08-21.07.58:710][  0]LogLoad: (Engine Initialization) Total time: 1794.26 seconds
[2016.12.08-21.07.58:710][  0]LogLoad: (Engine Initialization) Total Blueprint compile time: 37.89 seconds
[2016.12.08-21.08.00:067][  0]LogExternalProfiler: Found external profiler: VSPerf
[2016.12.08-21.08.00:067][  0]LogExternalProfiler: Using external profiler: VSPerf
[2016.12.08-21.08.01:024][  0]LogOcInput: OculusInput pre-init called
[2016.12.08-21.08.13:580][  0]LogContentStreaming: Texture pool size now 800 MB
[2016.12.08-21.08.49:450][  1]LogRenderer: Reallocating scene render targets to support 768x604 (Frame:2).
[2016.12.08-21.10.42:761][135]LogAssetRegistry: Asset discovery search completed in 1503.1918 seconds
[2016.12.08-21.10.42:761][135]LogCollectionManager: Rebuilt the object cache for 0 collections in 0.000001 seconds (found 0 objects)
[2016.12.08-21.10.42:761][135]LogCollectionManager: Fixed up redirectors for 0 collections in 0.000120 seconds (updated 0 objects)
[2016.12.08-23.42.23:064][778]Cmd: CLOSE_SLATE_MAINFRAME
[2016.12.08-23.45.17:856][779]Cmd: QUIT_EDITOR
[2016.12.08-23.45.57:639][779]LogExit: Preparing to exit.
[2016.12.08-23.48.26:979][779]LogDirectoryWatcher: A directory notification for 'C:/UnrealProjects/vrusct3/Content/' was aborted.
[2016.12.08-23.51.33:521][779]LogExit: Editor shut down
[2016.12.08-23.51.34:136][779]LogExit: Transaction tracking system shut down
[2016.12.08-23.52.24:411][779]LogObj: Freed 0b from 0 cluster array pools.
[2016.12.08-23.52.24:423][779]LogExit: Object subsystem successfully closed.
[2016.12.08-23.52.42:522][779]LogD3D11RHI: Shutdown
[2016.12.08-23.52.42:523][779]LogD3D11RHI: CleanupD3DDevice
[2016.12.08-23.52.55:610][779]LogD3D11RHI: ~FD3D11DynamicRHI
[2016.12.08-23.53.28:751][779]LogModuleManager: Shutting down and abandoning module HierarchicalLODOutliner (234)
[2016.12.08-23.53.28:763][779]LogModuleManager: Shutting down and abandoning module ExternalImagePicker (233)
[2016.12.08-23.53.28:763][779]LogModuleManager: Shutting down and abandoning module CrashTracker (232)
[2016.12.08-23.53.28:848][779]LogModuleManager: Shutting down and abandoning module SceneOutliner (231)
[2016.12.08-23.53.28:854][779]LogModuleManager: Shutting down and abandoning module WidgetCarousel (230)
[2016.12.08-23.53.28:854][779]LogModuleManager: Shutting down and abandoning module AddContentDialog (229)
[2016.12.08-23.53.29:279][779]LogDirectoryWatcher: A directory notification for 'C:/Program Files/Epic Games/4.13/FeaturePacks/' was aborted.
[2016.12.08-23.53.37:507][779]LogModuleManager: Shutting down and abandoning module GameplayTags (228)
[2016.12.08-23.53.37:507][779]LogModuleManager: Shutting down and abandoning module EditorWidgets (227)
[2016.12.08-23.53.37:507][779]LogModuleManager: Shutting down and abandoning module CollectionManager (226)
[2016.12.08-23.53.37:609][779]LogDirectoryWatcher: A directory notification for 'C:/UnrealProjects/vrusct3/Content/Collections/' was aborted.
[2016.12.08-23.53.37:610][779]LogDirectoryWatcher: A directory notification for 'C:/UnrealProjects/vrusct3/Content/Developers/till/Collections/' was aborted.
[2016.12.08-23.53.37:610][779]LogDirectoryWatcher: A directory notification for 'C:/UnrealProjects/vrusct3/Saved/Collections/' was aborted.
[2016.12.08-23.53.37:617][779]LogModuleManager: Shutting down and abandoning module StatsViewer (225)
[2016.12.08-23.53.37:740][779]LogModuleManager: Shutting down and abandoning module FoliageEdit (224)
[2016.12.08-23.53.37:769][779]LogModuleManager: Shutting down and abandoning module LandscapeEditor (223)
[2016.12.08-23.53.40:357][779]LogModuleManager: Shutting down and abandoning module SceneDepthPickerMode (222)
[2016.12.08-23.53.40:357][779]LogModuleManager: Shutting down and abandoning module ActorPickerMode (221)
[2016.12.08-23.53.40:357][779]LogModuleManager: Shutting down and abandoning module GeometryMode (220)
[2016.12.08-23.53.40:447][779]LogModuleManager: Shutting down and abandoning module TextureAlignMode (219)
[2016.12.08-23.53.40:447][779]LogModuleManager: Shutting down and abandoning module BspMode (218)
[2016.12.08-23.53.40:471][779]LogModuleManager: Shutting down and abandoning module HardwareSurvey (217)
[2016.12.08-23.53.40:814][779]LogModuleManager: Shutting down and abandoning module SequenceRecorderSections (216)
[2016.12.08-23.53.41:002][779]LogModuleManager: Shutting down and abandoning module SequenceRecorder (215)
[2016.12.08-23.53.42:668][779]LogModuleManager: Shutting down and abandoning module AutomationWorker (214)
[2016.12.08-23.53.44:200][779]LogModuleManager: Shutting down and abandoning module MatineeToLevelSequence (213)
[2016.12.08-23.53.44:316][779]LogModuleManager: Shutting down and abandoning module PlacementMode (212)
[2016.12.08-23.53.44:409][779]LogModuleManager: Shutting down and abandoning module LevelSequenceEditor (211)
[2016.12.08-23.53.44:796][779]LogModuleManager: Shutting down and abandoning module WmfMediaFactory (210)
[2016.12.08-23.53.44:796][779]LogModuleManager: Shutting down and abandoning module WmfMediaEditor (209)
[2016.12.08-23.53.44:796][779]LogModuleManager: Shutting down and abandoning module AvfMediaFactory (208)
[2016.12.08-23.53.44:796][779]LogModuleManager: Shutting down and abandoning module AvfMediaEditor (207)
[2016.12.08-23.53.44:796][779]LogModuleManager: Shutting down and abandoning module Media (206)
[2016.12.08-23.53.44:796][779]LogModuleManager: Shutting down and abandoning module AndroidMediaFactory (205)
[2016.12.08-23.53.44:796][779]LogModuleManager: Shutting down and abandoning module AndroidMediaEditor (204)
[2016.12.08-23.53.44:796][779]LogModuleManager: Shutting down and abandoning module CharacterAI (203)
[2016.12.08-23.53.44:982][779]LogModuleManager: Shutting down and abandoning module SmartSnapping (202)
[2016.12.08-23.53.45:132][779]LogModuleManager: Shutting down and abandoning module SessionServices (201)
[2016.12.08-23.53.45:132][779]LogModuleManager: Shutting down and abandoning module ViewportSnapping (200)
[2016.12.08-23.53.45:301][779]LogModuleManager: Shutting down and abandoning module ViewportInteraction (199)
[2016.12.08-23.53.45:301][779]LogModuleManager: Shutting down and abandoning module LogVisualizer (198)
[2016.12.08-23.53.46:955][779]LogModuleManager: Shutting down and abandoning module GameProjectGeneration (197)
[2016.12.08-23.53.47:943][779]LogModuleManager: Shutting down and abandoning module IntroTutorials (196)
[2016.12.08-23.53.48:181][779]LogModuleManager: Shutting down and abandoning module EditorLiveStreaming (195)
[2016.12.08-23.53.48:386][779]LogModuleManager: Shutting down and abandoning module IOSPlatformEditor (194)
[2016.12.08-23.53.48:853][779]LogModuleManager: Shutting down and abandoning module HTML5PlatformEditor (193)
[2016.12.08-23.53.48:853][779]LogModuleManager: Shutting down and abandoning module AndroidDeviceDetection (192)
[2016.12.08-23.53.50:339][779]LogModuleManager: Shutting down and abandoning module AndroidPlatformEditor (191)
[2016.12.08-23.53.50:844][779]LogModuleManager: Shutting down and abandoning module IOSRuntimeSettings (190)
[2016.12.08-23.53.50:844][779]LogModuleManager: Shutting down and abandoning module AndroidRuntimeSettings (189)
[2016.12.08-23.53.50:844][779]LogModuleManager: Shutting down and abandoning module NiagaraEditor (188)
[2016.12.08-23.53.51:008][779]LogModuleManager: Shutting down and abandoning module MergeActors (187)
[2016.12.08-23.53.51:328][779]LogModuleManager: Shutting down and abandoning module SizeMap (186)
[2016.12.08-23.53.51:396][779]LogModuleManager: Shutting down and abandoning module TreeMap (185)
[2016.12.08-23.53.51:765][779]LogModuleManager: Shutting down and abandoning module ReferenceViewer (184)
[2016.12.08-23.53.51:775][779]LogModuleManager: Shutting down and abandoning module LocalizationService (183)
[2016.12.08-23.53.51:812][779]LogModuleManager: Shutting down and abandoning module LocalizationDashboard (182)
[2016.12.08-23.53.52:695][779]LogModuleManager: Shutting down and abandoning module HardwareTargeting (181)
[2016.12.08-23.53.52:741][779]LogModuleManager: Shutting down and abandoning module DeviceProfileEditor (180)
[2016.12.08-23.53.52:884][779]LogModuleManager: Shutting down and abandoning module UndoHistory (179)
[2016.12.08-23.53.52:932][779]LogModuleManager: Shutting down and abandoning module UserFeedback (178)
[2016.12.08-23.53.52:932][779]LogModuleManager: Shutting down and abandoning module XmlParser (177)
[2016.12.08-23.53.52:997][779]LogModuleManager: Shutting down and abandoning module Blutility (176)
[2016.12.08-23.53.52:997][779]LogModuleManager: Shutting down and abandoning module ProjectTargetPlatformEditor (175)
[2016.12.08-23.53.53:175][779]LogModuleManager: Shutting down and abandoning module ProjectSettingsViewer (174)
[2016.12.08-23.53.53:246][779]LogModuleManager: Shutting down and abandoning module InputBindingEditor (173)
[2016.12.08-23.53.53:506][779]LogModuleManager: Shutting down and abandoning module EditorSettingsViewer (172)
[2016.12.08-23.53.53:638][779]LogModuleManager: Shutting down and abandoning module SettingsEditor (171)
[2016.12.08-23.53.53:801][779]LogModuleManager: Shutting down and abandoning module ProjectLauncher (170)
[2016.12.08-23.53.54:143][779]LogModuleManager: Shutting down and abandoning module SessionFrontend (169)
[2016.12.08-23.53.54:341][779]LogModuleManager: Shutting down and abandoning module ProfilerClient (168)
[2016.12.08-23.53.54:581][779]LogModuleManager: Shutting down and abandoning module TargetDeviceServices (167)
[2016.12.08-23.53.54:682][779]LogModuleManager: Shutting down and abandoning module DeviceManager (166)
[2016.12.08-23.53.55:069][779]LogModuleManager: Shutting down and abandoning module AutomationController (165)
[2016.12.08-23.53.55:855][779]LogModuleManager: Shutting down and abandoning module AutomationWindow (164)
[2016.12.08-23.53.57:396][779]LogModuleManager: Shutting down and abandoning module Layers (163)
[2016.12.08-23.53.59:397][779]LogModuleManager: Shutting down and abandoning module ComponentVisualizers (162)
[2016.12.08-23.53.59:397][779]LogModuleManager: Shutting down and abandoning module DetailCustomizations (161)
[2016.12.08-23.53.59:996][779]LogModuleManager: Shutting down and abandoning module PackagesDialog (160)
[2016.12.08-23.54.00:861][779]LogModuleManager: Shutting down and abandoning module AnimGraph (159)
[2016.12.08-23.54.00:946][779]LogModuleManager: Shutting down and abandoning module Persona (158)
[2016.12.08-23.54.02:933][779]LogModuleManager: Shutting down and abandoning module Kismet (157)
[2016.12.08-23.54.03:913][779]LogModuleManager: Shutting down and abandoning module GraphEditor (156)
[2016.12.08-23.54.04:315][779]LogModuleManager: Shutting down and abandoning module ClassViewer (155)
[2016.12.08-23.54.04:475][779]LogModuleManager: Shutting down and abandoning module Toolbox (154)
[2016.12.08-23.54.04:573][779]LogModuleManager: Shutting down and abandoning module ModuleUI (153)
[2016.12.08-23.54.04:707][779]LogModuleManager: Shutting down and abandoning module MovieSceneTools (152)
[2016.12.08-23.54.05:940][779]LogModuleManager: Shutting down and abandoning module OutputLog (151)
[2016.12.08-23.54.06:098][779]LogModuleManager: Shutting down and abandoning module GammaUI (150)
[2016.12.08-23.54.06:189][779]LogModuleManager: Shutting down and abandoning module Documentation (149)
[2016.12.08-23.54.06:360][779]LogModuleManager: Shutting down and abandoning module Niagara (148)
[2016.12.08-23.54.06:571][779]LogModuleManager: Shutting down and abandoning module StreamingPauseRendering (147)
[2016.12.08-23.54.07:230][779]LogModuleManager: Shutting down and abandoning module AnalyticsET (146)
[2016.12.08-23.54.07:230][779]LogModuleManager: Shutting down and abandoning module PortalServices (145)
[2016.12.08-23.54.07:230][779]LogModuleManager: Shutting down and abandoning module PortalRpc (144)
[2016.12.08-23.54.07:230][779]LogModuleManager: Shutting down and abandoning module MessagingRpc (143)
[2016.12.08-23.54.07:230][779]LogModuleManager: Shutting down and abandoning module GameplayDebugger (142)
[2016.12.08-23.54.07:705][779]LogModuleManager: Shutting down and abandoning module AITestSuite (141)
[2016.12.08-23.54.07:856][779]LogModuleManager: Shutting down and abandoning module AIModule (140)
[2016.12.08-23.54.07:856][779]LogModuleManager: Shutting down and abandoning module ProfilerService (139)
[2016.12.08-23.54.08:713][779]LogModuleManager: Shutting down and abandoning module TaskGraph (138)
[2016.12.08-23.54.10:492][779]LogModuleManager: Shutting down and abandoning module SlateRemote (137)
[2016.12.08-23.54.10:586][779]LogModuleManager: Shutting down and abandoning module SteamVRController (136)
[2016.12.08-23.54.10:586][779]LogModuleManager: Shutting down and abandoning module SteamVR (135)
[2016.12.08-23.54.10:641][779]LogModuleManager: Shutting down and abandoning module ProceduralMeshComponentEditor (134)
[2016.12.08-23.54.10:729][779]LogModuleManager: Shutting down and abandoning module ProceduralMeshComponent (133)
[2016.12.08-23.54.10:729][779]LogModuleManager: Shutting down and abandoning module OculusLibrary (132)
[2016.12.08-23.54.10:729][779]LogModuleManager: Shutting down and abandoning module OculusInput (131)
[2016.12.08-23.54.10:729][779]LogModuleManager: Shutting down and abandoning module CustomMeshComponent (130)
[2016.12.08-23.54.10:829][779]LogModuleManager: Shutting down and abandoning module CableComponent (129)
[2016.12.08-23.54.10:884][779]LogModuleManager: Shutting down and abandoning module ArchVisCharacter (128)
[2016.12.08-23.54.10:944][779]LogModuleManager: Shutting down and abandoning module MediaPlayerEditor (126)
[2016.12.08-23.54.11:529][779]LogModuleManager: Shutting down and abandoning module HTML5Networking (125)
[2016.12.08-23.54.11:529][779]LogModuleManager: Shutting down and abandoning module GeometryCacheEd (124)
[2016.12.08-23.54.11:529][779]LogModuleManager: Shutting down and abandoning module GeometryCache (123)
[2016.12.08-23.54.11:529][779]LogModuleManager: Shutting down and abandoning module AlembicLibrary (122)
[2016.12.08-23.54.11:600][779]LogModuleManager: Shutting down and abandoning module AlembicImporter (121)
[2016.12.08-23.54.11:662][779]LogModuleManager: Shutting down and abandoning module SuperSearch (120)
[2016.12.08-23.54.11:662][779]LogModuleManager: Shutting down and abandoning module SuperSearchEditor (119)
[2016.12.08-23.54.11:662][779]LogModuleManager: Shutting down and abandoning module SpeedTreeImporter (118)
[2016.12.08-23.54.11:662][779]LogModuleManager: Shutting down and abandoning module PluginBrowser (117)
[2016.12.08-23.54.13:440][779]LogModuleManager: Shutting down and abandoning module MobileLauncherProfileWizard (116)
[2016.12.08-23.54.14:188][779]LogModuleManager: Shutting down and abandoning module EpicSurvey (115)
[2016.12.08-23.54.16:002][779]LogModuleManager: Shutting down and abandoning module DesktopPlatform (114)
[2016.12.08-23.54.16:331][779]LogModuleManager: Shutting down and abandoning module VisualStudioSourceCodeAccess (113)
[2016.12.08-23.54.16:457][779]LogModuleManager: Shutting down and abandoning module UObjectPlugin (112)
[2016.12.08-23.54.16:457][779]LogModuleManager: Shutting down and abandoning module SubversionSourceControl (111)
[2016.12.08-23.54.16:742][779]LogModuleManager: Shutting down and abandoning module PerforceSourceControl (110)
[2016.12.08-23.54.17:467][779]LogModuleManager: Shutting down and abandoning module SourceControl (109)
[2016.12.08-23.54.18:585][779]LogModuleManager: Shutting down and abandoning module GitSourceControl (108)
[2016.12.08-23.54.19:053][779]LogModuleManager: Shutting down and abandoning module LightPropagationVolumeEditor (107)
[2016.12.08-23.54.19:053][779]LogModuleManager: Shutting down and abandoning module PaperTiledImporter (106)
[2016.12.08-23.54.19:120][779]LogModuleManager: Shutting down and abandoning module PaperSpriteSheetImporter (105)
[2016.12.08-23.54.19:320][779]LogModuleManager: Shutting down and abandoning module MeshPaint (104)
[2016.12.08-23.54.19:688][779]LogModuleManager: Shutting down and abandoning module FbxAutomationBuilderModule (103)
[2016.12.08-23.54.20:248][779]LogModuleManager: Shutting down and abandoning module PixelInspectorModule (102)
[2016.12.08-23.54.21:983][779]LogModuleManager: Shutting down and abandoning module HotReload (101)
[2016.12.08-23.54.22:276][779]LogModuleManager: Shutting down and abandoning module MainFrame (100)
[2016.12.08-23.54.22:276][779]LogModuleManager: Shutting down and abandoning module LevelEditor (99)
[2016.12.08-23.54.22:951][779]LogModuleManager: Shutting down and abandoning module ContentBrowser (98)
[2016.12.08-23.54.23:487][779]LogModuleManager: Shutting down and abandoning module Paper2DEditor (97)
[2016.12.08-23.54.23:743][779]LogModuleManager: Shutting down and abandoning module UdpMessaging (96)
[2016.12.08-23.54.23:843][779]LogModuleManager: Shutting down and abandoning module TcpMessaging (95)
[2016.12.08-23.54.23:993][779]LogModuleManager: Shutting down and abandoning module LightPropagationVolumeRuntime (94)
[2016.12.08-23.54.23:993][779]LogModuleManager: Shutting down and abandoning module Paper2D (93)
[2016.12.08-23.54.24:024][779]LogModuleManager: Shutting down and abandoning module WindowsMoviePlayer (92)
[2016.12.08-23.54.24:651][779]LogModuleManager: Shutting down and abandoning module WmfMedia (91)
[2016.12.08-23.54.25:318][779]LogModuleManager: Shutting down and abandoning module MediaAssets (90)
[2016.12.08-23.54.25:318][779]LogModuleManager: Shutting down and abandoning module GameLiveStreaming (89)
[2016.12.08-23.54.25:382][779]LogModuleManager: Shutting down and abandoning module GameplayTagsEditor (88)
[2016.12.08-23.54.25:445][779]LogModuleManager: Shutting down and abandoning module VREditor (87)
[2016.12.08-23.54.25:445][779]LogModuleManager: Shutting down and abandoning module GameplayTasksEditor (86)
[2016.12.08-23.54.25:445][779]LogModuleManager: Shutting down and abandoning module PropertyEditor (85)
[2016.12.08-23.54.25:664][779]LogModuleManager: Shutting down and abandoning module BehaviorTreeEditor (84)
[2016.12.08-23.54.26:313][779]LogModuleManager: Shutting down and abandoning module FunctionalTesting (83)
[2016.12.08-23.54.26:313][779]LogModuleManager: Shutting down and abandoning module CollisionAnalyzer (82)
[2016.12.08-23.54.27:630][779]LogModuleManager: Shutting down and abandoning module Sequencer (81)
[2016.12.08-23.54.28:804][779]LogModuleManager: Shutting down and abandoning module WorkspaceMenuStructure (80)
[2016.12.08-23.54.29:285][779]LogModuleManager: Shutting down and abandoning module MessageLog (79)
[2016.12.08-23.54.29:285][779]LogModuleManager: Shutting down and abandoning module AssetTools (78)
[2016.12.08-23.54.30:402][779]LogModuleManager: Shutting down and abandoning module UMGEdit