Log file open, 10/26/17 15:49:32
LogInit:Display: Running engine for game: vrusct5mitLiege
LogPlatformFile: Not using cached read wrapper
LogInit:Display: RandInit(1508249464) SRandInit(1508249464).
LogTaskGraph: Started task graph with 5 named threads and 8 total threads with 1 sets of task threads.
LogStats: Stats thread started at 0.084486
LogPluginManager: Loaded Plugin Paper2D, From C:/Program Files/Epic Games/UE_4.13/Engine/Plugins/2D/Paper2D/Paper2D.uplugin
LogPluginManager: Loaded Plugin LightPropagationVolume, From C:/Program Files/Epic Games/UE_4.13/Engine/Plugins/Blendables/LightPropagationVolume/LightPropagationVolume.uplugin
LogPluginManager: Loaded Plugin BlankPlugin, From C:/Program Files/Epic Games/UE_4.13/Engine/Plugins/Developer/BlankPlugin/BlankPlugin.uplugin
LogPluginManager: Loaded Plugin CodeLiteSourceCodeAccess, From C:/Program Files/Epic Games/UE_4.13/Engine/Plugins/Developer/CodeLiteSourceCodeAccess/CodeLiteSourceCodeAccess.uplugin
LogPluginManager: Loaded Plugin GitSourceControl, From C:/Program Files/Epic Games/UE_4.13/Engine/Plugins/Developer/GitSourceControl/GitSourceControl.uplugin
LogPluginManager: Loaded Plugin KDevelopSourceCodeAccess, From C:/Program Files/Epic Games/UE_4.13/Engine/Plugins/Developer/KDevelopSourceCodeAccess/KDevelopSourceCodeAccess.uplugin
LogPluginManager: Loaded Plugin NullSourceCodeAccess, From C:/Program Files/Epic Games/UE_4.13/Engine/Plugins/Developer/NullSourceCodeAccess/NullSourceCodeAccess.uplugin
LogPluginManager: Loaded Plugin OneSkyLocalizationService, From C:/Program Files/Epic Games/UE_4.13/Engine/Plugins/Developer/OneSkyLocalizationService/OneSkyLocalizationService.uplugin
LogPluginManager: Loaded Plugin PerforceSourceControl, From C:/Program Files/Epic Games/UE_4.13/Engine/Plugins/Developer/PerforceSourceControl/PerforceSourceControl.uplugin
LogPluginManager: Loaded Plugin SubversionSourceControl, From C:/Program Files/Epic Games/UE_4.13/Engine/Plugins/Developer/SubversionSourceControl/SubversionSourceControl.uplugin
LogPluginManager: Loaded Plugin UObjectPlugin, From C:/Program Files/Epic Games/UE_4.13/Engine/Plugins/Developer/UObjectPlugin/UObjectPlugin.uplugin
LogPluginManager: Loaded Plugin VisualStudioSourceCodeAccess, From C:/Program Files/Epic Games/UE_4.13/Engine/Plugins/Developer/VisualStudioSourceCodeAccess/VisualStudioSourceCodeAccess.uplugin
LogPluginManager: Loaded Plugin XCodeSourceCodeAccess, From C:/Program Files/Epic Games/UE_4.13/Engine/Plugins/Developer/XCodeSourceCodeAccess/XCodeSourceCodeAccess.uplugin
LogPluginManager: Loaded Plugin EpicSurvey, From C:/Program Files/Epic Games/UE_4.13/Engine/Plugins/Editor/EpicSurvey/EpicSurvey.uplugin
LogPluginManager: Loaded Plugin MacGraphicsSwitching, From C:/Program Files/Epic Games/UE_4.13/Engine/Plugins/Editor/MacGraphicsSwitching/MacGraphicsSwitching.uplugin
LogPluginManager: Loaded Plugin MobileLauncherProfileWizard, From C:/Program Files/Epic Games/UE_4.13/Engine/Plugins/Editor/MobileLauncherProfileWizard/MobileLauncherProfileWizard.uplugin
LogPluginManager: Loaded Plugin PluginBrowser, From C:/Program Files/Epic Games/UE_4.13/Engine/Plugins/Editor/PluginBrowser/PluginBrowser.uplugin
LogPluginManager: Loaded Plugin SpeedTreeImporter, From C:/Program Files/Epic Games/UE_4.13/Engine/Plugins/Editor/SpeedTreeImporter/SpeedTreeImporter.uplugin
LogPluginManager: Loaded Plugin SuperSearchEditor, From C:/Program Files/Epic Games/UE_4.13/Engine/Plugins/Editor/SuperSearchEditor/SuperSearchEditor.uplugin
LogPluginManager: Loaded Plugin AlembicImporter, From C:/Program Files/Epic Games/UE_4.13/Engine/Plugins/Experimental/AlembicImporter/AlembicImporter.uplugin
LogPluginManager: Loaded Plugin BlueprintStats, From C:/Program Files/Epic Games/UE_4.13/Engine/Plugins/Experimental/BlueprintStats/BlueprintStats.uplugin
LogPluginManager: Loaded Plugin CharacterAI, From C:/Program Files/Epic Games/UE_4.13/Engine/Plugins/Experimental/CharacterAI/CharacterAI.uplugin
LogPluginManager: Loaded Plugin CodeEditor, From C:/Program Files/Epic Games/UE_4.13/Engine/Plugins/Experimental/CodeEditor/CodeEditor.uplugin
LogPluginManager: Loaded Plugin CodeView, From C:/Program Files/Epic Games/UE_4.13/Engine/Plugins/Experimental/CodeView/CodeView.uplugin
LogPluginManager: Loaded Plugin HTML5Networking, From C:/Program Files/Epic Games/UE_4.13/Engine/Plugins/Experimental/HTML5Networking/HTML5Networking.uplugin
LogPluginManager: Loaded Plugin LiveEditor, From C:/Program Files/Epic Games/UE_4.13/Engine/Plugins/Experimental/LiveEditor/LiveEditor.uplugin
LogPluginManager: Loaded Plugin OSVR, From C:/Program Files/Epic Games/UE_4.13/Engine/Plugins/Experimental/OSVR/OSVR.uplugin
LogPluginManager: Loaded Plugin Phya, From C:/Program Files/Epic Games/UE_4.13/Engine/Plugins/Experimental/Phya/Phya.uplugin
LogPluginManager: Loaded Plugin SignificanceManager, From C:/Program Files/Epic Games/UE_4.13/Engine/Plugins/Experimental/SignificanceManager/SignificanceManager.uplugin
LogPluginManager: Loaded Plugin SimpleHMD, From C:/Program Files/Epic Games/UE_4.13/Engine/Plugins/Experimental/SimpleHMD/SimpleHMD.uplugin
LogPluginManager: Loaded Plugin StereoPanorama, From C:/Program Files/Epic Games/UE_4.13/Engine/Plugins/Experimental/StereoPanorama/StereoPanorama.uplugin
LogPluginManager: Loaded Plugin StructBox, From C:/Program Files/Epic Games/UE_4.13/Engine/Plugins/Experimental/StructBox/StructBox.uplugin
LogPluginManager: Loaded Plugin AndroidMedia, From C:/Program Files/Epic Games/UE_4.13/Engine/Plugins/Media/AndroidMedia/AndroidMedia.uplugin
LogPluginManager: Loaded Plugin AvfMedia, From C:/Program Files/Epic Games/UE_4.13/Engine/Plugins/Media/AvfMedia/AvfMedia.uplugin
LogPluginManager: Loaded Plugin MediaPlayerEditor, From C:/Program Files/Epic Games/UE_4.13/Engine/Plugins/Media/MediaPlayerEditor/MediaPlayerEditor.uplugin
LogPluginManager: Loaded Plugin WmfMedia, From C:/Program Files/Epic Games/UE_4.13/Engine/Plugins/Media/WmfMedia/WmfMedia.uplugin
LogPluginManager: Loaded Plugin MessagingDebugger, From C:/Program Files/Epic Games/UE_4.13/Engine/Plugins/Messaging/MessagingDebugger/MessagingDebugger.uplugin
LogPluginManager: Loaded Plugin TcpMessaging, From C:/Program Files/Epic Games/UE_4.13/Engine/Plugins/Messaging/TcpMessaging/TcpMessaging.uplugin
LogPluginManager: Loaded Plugin UdpMessaging, From C:/Program Files/Epic Games/UE_4.13/Engine/Plugins/Messaging/UdpMessaging/UdpMessaging.uplugin
LogPluginManager: Loaded Plugin LevelSequenceEditor, From C:/Program Files/Epic Games/UE_4.13/Engine/Plugins/MovieScene/LevelSequenceEditor/LevelSequenceEditor.uplugin
LogPluginManager: Loaded Plugin MatineeToLevelSequence, From C:/Program Files/Epic Games/UE_4.13/Engine/Plugins/MovieScene/MatineeToLevelSequence/MatineeToLevelSequence.uplugin
LogPluginManager: Loaded Plugin NetcodeUnitTest, From C:/Program Files/Epic Games/UE_4.13/Engine/Plugins/NetcodeUnitTest/NetcodeUnitTest/NetcodeUnitTest.uplugin
LogPluginManager: Loaded Plugin NUTUnrealEngine4, From C:/Program Files/Epic Games/UE_4.13/Engine/Plugins/NetcodeUnitTest/NUTUnrealEngine4/NUTUnrealEngine4.uplugin
LogPluginManager: Loaded Plugin OnlineSubsystemGooglePlay, From C:/Program Files/Epic Games/UE_4.13/Engine/Plugins/Online/Android/OnlineSubsystemGooglePlay/OnlineSubsystemGooglePlay.uplugin
LogPluginManager: Loaded Plugin OnlineSubsystemIOS, From C:/Program Files/Epic Games/UE_4.13/Engine/Plugins/Online/IOS/OnlineSubsystemIOS/OnlineSubsystemIOS.uplugin
LogPluginManager: Loaded Plugin OnlineFramework, From C:/Program Files/Epic Games/UE_4.13/Engine/Plugins/Online/OnlineFramework/OnlineFramework.uplugin
LogPluginManager: Loaded Plugin OnlineSubsystem, From C:/Program Files/Epic Games/UE_4.13/Engine/Plugins/Online/OnlineSubsystem/OnlineSubsystem.uplugin
LogPluginManager: Loaded Plugin OnlineSubsystemAmazon, From C:/Program Files/Epic Games/UE_4.13/Engine/Plugins/Online/OnlineSubsystemAmazon/OnlineSubsystemAmazon.uplugin
LogPluginManager: Loaded Plugin OnlineSubsystemFacebook, From C:/Program Files/Epic Games/UE_4.13/Engine/Plugins/Online/OnlineSubsystemFacebook/OnlineSubsystemFacebook.uplugin
LogPluginManager: Loaded Plugin OnlineSubsystemNull, From C:/Program Files/Epic Games/UE_4.13/Engine/Plugins/Online/OnlineSubsystemNull/OnlineSubsystemNull.uplugin
LogPluginManager: Loaded Plugin OnlineSubsystemOculus, From C:/Program Files/Epic Games/UE_4.13/Engine/Plugins/Online/OnlineSubsystemOculus/OnlineSubsystemOculus.uplugin
LogPluginManager: Loaded Plugin OnlineSubsystemSteam, From C:/Program Files/Epic Games/UE_4.13/Engine/Plugins/Online/OnlineSubsystemSteam/OnlineSubsystemSteam.uplugin
LogPluginManager: Loaded Plugin OnlineSubsystemUtils, From C:/Program Files/Epic Games/UE_4.13/Engine/Plugins/Online/OnlineSubsystemUtils/OnlineSubsystemUtils.uplugin
LogPluginManager: Loaded Plugin IOSTapJoy, From C:/Program Files/Epic Games/UE_4.13/Engine/Plugins/Runtime/Advertising/IOSTapJoy/IOSTapJoy.uplugin
LogPluginManager: Loaded Plugin AnalyticsBlueprintLibrary, From C:/Program Files/Epic Games/UE_4.13/Engine/Plugins/Runtime/Analytics/AnalyticsBlueprintLibrary/AnalyticsBlueprintLibrary.uplugin
LogPluginManager: Loaded Plugin AnalyticsMulticast, From C:/Program Files/Epic Games/UE_4.13/Engine/Plugins/Runtime/Analytics/AnalyticsMulticast/AnalyticsMulticast.uplugin
LogPluginManager: Loaded Plugin Apsalar, From C:/Program Files/Epic Games/UE_4.13/Engine/Plugins/Runtime/Analytics/Apsalar/Apsalar.uplugin
LogPluginManager: Loaded Plugin FileLogging, From C:/Program Files/Epic Games/UE_4.13/Engine/Plugins/Runtime/Analytics/FileLogging/FileLogging.uplugin
LogPluginManager: Loaded Plugin Flurry, From C:/Program Files/Epic Games/UE_4.13/Engine/Plugins/Runtime/Analytics/Flurry/Flurry.uplugin
LogPluginManager: Loaded Plugin AndroidDeviceProfileSelector, From C:/Program Files/Epic Games/UE_4.13/Engine/Plugins/Runtime/AndroidDeviceProfileSelector/AndroidDeviceProfileSelector.uplugin
LogPluginManager: Loaded Plugin AndroidMoviePlayer, From C:/Program Files/Epic Games/UE_4.13/Engine/Plugins/Runtime/AndroidMoviePlayer/AndroidMoviePlayer.uplugin
LogPluginManager: Loaded Plugin AppleMoviePlayer, From C:/Program Files/Epic Games/UE_4.13/Engine/Plugins/Runtime/AppleMoviePlayer/AppleMoviePlayer.uplugin
LogPluginManager: Loaded Plugin ArchVisCharacter, From C:/Program Files/Epic Games/UE_4.13/Engine/Plugins/Runtime/ArchVisCharacter/ArchVisCharacter.uplugin
LogPluginManager: Loaded Plugin CableComponent, From C:/Program Files/Epic Games/UE_4.13/Engine/Plugins/Runtime/CableComponent/CableComponent.uplugin
LogPluginManager: Loaded Plugin CustomMeshComponent, From C:/Program Files/Epic Games/UE_4.13/Engine/Plugins/Runtime/CustomMeshComponent/CustomMeshComponent.uplugin
LogPluginManager: Loaded Plugin ExampleDeviceProfileSelector, From C:/Program Files/Epic Games/UE_4.13/Engine/Plugins/Runtime/ExampleDeviceProfileSelector/ExampleDeviceProfileSelector.uplugin
LogPluginManager: Loaded Plugin GearVR, From C:/Program Files/Epic Games/UE_4.13/Engine/Plugins/Runtime/GearVR/GearVR.uplugin
LogPluginManager: Loaded Plugin GoogleVRController, From C:/Program Files/Epic Games/UE_4.13/Engine/Plugins/Runtime/GoogleVR/GoogleVRController/GoogleVRController.uplugin
LogPluginManager: Loaded Plugin GoogleVRHMD, From C:/Program Files/Epic Games/UE_4.13/Engine/Plugins/Runtime/GoogleVR/GoogleVRHMD/GoogleVRHMD.uplugin
LogPluginManager: Loaded Plugin IOSDeviceProfileSelector, From C:/Program Files/Epic Games/UE_4.13/Engine/Plugins/Runtime/IOSDeviceProfileSelector/IOSDeviceProfileSelector.uplugin
LogPluginManager: Loaded Plugin LeapMotion, From C:/Program Files/Epic Games/UE_4.13/Engine/Plugins/Runtime/LeapMotion/LeapMotion.uplugin
LogPluginManager: Loaded Plugin LinuxDeviceProfileSelector, From C:/Program Files/Epic Games/UE_4.13/Engine/Plugins/Runtime/LinuxDeviceProfileSelector/LinuxDeviceProfileSelector.uplugin
LogPluginManager: Loaded Plugin LiveEditorListenServer, From C:/Program Files/Epic Games/UE_4.13/Engine/Plugins/Runtime/LiveEditorListenServer/LiveEditorListenServer.uplugin
LogPluginManager: Loaded Plugin OculusAudio, From C:/Program Files/Epic Games/UE_4.13/Engine/Plugins/Runtime/OculusAudio/OculusAudio.uplugin
LogPluginManager: Loaded Plugin OculusInput, From C:/Program Files/Epic Games/UE_4.13/Engine/Plugins/Runtime/OculusInput/OculusInput.uplugin
LogPluginManager: Loaded Plugin OculusLibrary, From C:/Program Files/Epic Games/UE_4.13/Engine/Plugins/Runtime/OculusLibrary/OculusLibrary.uplugin
LogPluginManager: Loaded Plugin OculusRift, From C:/Program Files/Epic Games/UE_4.13/Engine/Plugins/Runtime/OculusRift/OculusRift.uplugin
LogPluginManager: Loaded Plugin Oodle, From C:/Program Files/Epic Games/UE_4.13/Engine/Plugins/Runtime/PacketHandlers/CompressionComponents/Oodle/Oodle.uplugin
LogPluginManager: Loaded Plugin ProceduralMeshComponent, From C:/Program Files/Epic Games/UE_4.13/Engine/Plugins/Runtime/ProceduralMeshComponent/ProceduralMeshComponent.uplugin
LogPluginManager: Loaded Plugin SoundMod, From C:/Program Files/Epic Games/UE_4.13/Engine/Plugins/Runtime/SoundMod/SoundMod.uplugin
LogPluginManager: Loaded Plugin SoundVisualizations, From C:/Program Files/Epic Games/UE_4.13/Engine/Plugins/Runtime/SoundVisualizations/SoundVisualizations.uplugin
LogPluginManager: Loaded Plugin SteamController, From C:/Program Files/Epic Games/UE_4.13/Engine/Plugins/Runtime/Steam/SteamController/SteamController.uplugin
LogPluginManager: Loaded Plugin SteamVR, From C:/Program Files/Epic Games/UE_4.13/Engine/Plugins/Runtime/Steam/SteamVR/SteamVR.uplugin
LogPluginManager: Loaded Plugin WebBrowserWidget, From C:/Program Files/Epic Games/UE_4.13/Engine/Plugins/Runtime/WebBrowserWidget/WebBrowserWidget.uplugin
LogPluginManager: Loaded Plugin WindowsDeviceProfileSelector, From C:/Program Files/Epic Games/UE_4.13/Engine/Plugins/Runtime/WindowsDeviceProfileSelector/WindowsDeviceProfileSelector.uplugin
LogPluginManager: Loaded Plugin WindowsMoviePlayer, From C:/Program Files/Epic Games/UE_4.13/Engine/Plugins/Runtime/WindowsMoviePlayer/WindowsMoviePlayer.uplugin
LogPluginManager: Loaded Plugin ScriptPlugin, From C:/Program Files/Epic Games/UE_4.13/Engine/Plugins/ScriptPlugin/ScriptPlugin.uplugin
LogPluginManager: Loaded Plugin SlateRemote, From C:/Program Files/Epic Games/UE_4.13/Engine/Plugins/Slate/SlateRemote/SlateRemote.uplugin
LogInit: Using libcurl 7.47.1
LogInit:  - built for x86_64-pc-win32
LogInit:  - supports SSL with WinSSL
LogInit:  - other features:
LogInit:      CURL_VERSION_SSL
LogInit:      CURL_VERSION_IPV6
LogInit:      CURL_VERSION_ASYNCHDNS
LogInit:      CURL_VERSION_LARGEFILE
LogInit:      CURL_VERSION_IDN
LogInit:  CurlRequestOptions (configurable via config and command line):
LogInit:  - bVerifyPeer = false  - Libcurl will NOT verify peer certificate
LogInit:  - bUseHttpProxy = false  - Libcurl will NOT use HTTP proxy
LogInit:  - bDontReuseConnections = false  - Libcurl will reuse connections
LogInit:  - CertBundlePath = nullptr  - Libcurl will use whatever was configured at build time.
LogInit: Build: ++UE4+Release-4.13-CL-3172292
LogInit: Engine Version: 4.13.2-3172292+++UE4+Release-4.13
LogInit: Compatible Engine Version: 4.13.0-3106830+++UE4+Release-4.13
LogInit: Net CL: 3172292
LogDevObjectVersion: Number of dev versions registered: 13
LogDevObjectVersion:   Dev-Blueprints (B0D832E4-1F89-4F0D-ACCF-7EB736FD4AA2): 5
LogDevObjectVersion:   Dev-Build (E1C64328-A22C-4D53-A36C-8E866417BD8C): 0
LogDevObjectVersion:   Dev-Core (375EC13C-06E4-48FB-B500-84F0262A717E): 1
LogDevObjectVersion:   Dev-Editor (E4B068ED-F494-42E9-A231-DA0B2E46BB41): 6
LogDevObjectVersion:   Dev-Framework (CFFC743F-43B0-4480-9391-14DF171D2073): 12
LogDevObjectVersion:   Dev-Mobile (B02B49B5-BB20-44E9-A304-32B752E40360): 0
LogDevObjectVersion:   Dev-Networking (A4E4105C-59A1-49B5-A7C5-40C4547EDFEE): 0
LogDevObjectVersion:   Dev-Online (39C831C9-5AE6-47DC-9A44-9C173E1C8E7C): 0
LogDevObjectVersion:   Dev-Physics (78F01B33-EBEA-4F98-B9B4-84EACCB95AA2): 0
LogDevObjectVersion:   Dev-Platform (6631380F-2D4D-43E0-8009-CF276956A95A): 0
LogDevObjectVersion:   Dev-Rendering (12F88B9F-8875-4AFC-A67C-D90C383ABD29): 4
LogDevObjectVersion:   Dev-Sequencer (7B5AE74C-D270-4C10-A958-57980B212A5A): 0
LogDevObjectVersion:   Dev-VR (D7296918-1DD6-4BDD-9DE2-64A83CC13884): 0
LogInit: Compiled (64-bit): Oct 24 2016 14:29:06
LogInit: Compiled with Visual C++: 19.00.23026.00
LogInit: Build Configuration: Development
LogInit: Branch Name: ++UE4+Release-4.13
LogInit: Command line:  /Temp/Autosaves/Game/VirtualRealityBP/Maps/UEDPCMotionControllerMap -game -PIEVIACONSOLE -ResX=1280 -ResY=720  -Multiprocess -windowed -messaging -SessionName="Play in Standalone Game" -nohmd 
LogInit: Base directory: C:/Program Files/Epic Games/UE_4.13/Engine/Binaries/Win64/
LogInit: Installed Engine Build: 1
LogInit: Presizing for max 8388607 objects, including 0 objects not considered by GC, pre-allocating 0 bytes for permanent pool.
LogInit: Object subsystem initialized
[2017.10.26-13.49.32:565][  0]LogInit: Selected Device Profile: [Windows]
[2017.10.26-13.49.32:565][  0]LogInit: Applying CVar settings loaded from the selected device profile: [Windows]
[2017.10.26-13.49.32:570][  0]LogInit: Computer: IPE-VR-G752VS
[2017.10.26-13.49.32:570][  0]LogInit: User: PDV
[2017.10.26-13.49.32:570][  0]LogInit: CPU Page size=65536, Cores=4
[2017.10.26-13.49.32:570][  0]LogInit: High frequency timer resolution =2.531246 MHz
[2017.10.26-13.49.32:570][  0]LogMemory: Memory total: Physical=15.9GB (16GB approx)
[2017.10.26-13.49.32:570][  0]LogMemory: Platform Memory Stats for Windows
[2017.10.26-13.49.32:570][  0]LogMemory: Process Physical Memory: 258.27 MB used, 258.27 MB peak
[2017.10.26-13.49.32:570][  0]LogMemory: Process Virtual Memory: 260.03 MB used, 260.03 MB peak
[2017.10.26-13.49.32:570][  0]LogMemory: Physical Memory: 7182.62 MB used, 16319.74 MB total
[2017.10.26-13.49.32:570][  0]LogMemory: Virtual Memory: 624.18 MB used, 134217728.00 MB total
[2017.10.26-13.49.33:089][  0]LogTextLocalizationManager: No specific translations for ('en-US') exist, so ('en') translations will be used.
[2017.10.26-13.49.33:550][  0]LogD3D11RHI: D3D11 adapters:
[2017.10.26-13.49.33:610][  0]LogD3D11RHI:    0. 'NVIDIA GeForce GTX 1070' (Feature Level 11_0)
[2017.10.26-13.49.33:610][  0]LogD3D11RHI:       8093/0/8159 MB DedicatedVideo/DedicatedSystem/SharedSystem, Outputs:1, VendorId:0x10de
[2017.10.26-13.49.33:612][  0]LogD3D11RHI:    1. 'Microsoft Basic Render Driver' (Feature Level 11_0)
[2017.10.26-13.49.33:612][  0]LogD3D11RHI:       0/0/8159 MB DedicatedVideo/DedicatedSystem/SharedSystem, Outputs:0, VendorId:0x1414
[2017.10.26-13.49.33:612][  0]LogD3D11RHI: Chosen D3D11 Adapter: 0
[2017.10.26-13.49.33:621][  0]LogD3D11RHI: Creating new Direct3DDevice
[2017.10.26-13.49.33:621][  0]LogD3D11RHI:     GPU DeviceId: 0x1be1 (for the marketing name, search the web for "GPU Device Id")
[2017.10.26-13.49.33:621][  0]LogWindows: EnumDisplayDevices:
[2017.10.26-13.49.33:621][  0]LogWindows:    0. 'NVIDIA GeForce GTX 1070' (P:1 D:1)
[2017.10.26-13.49.33:622][  0]LogWindows:    1. 'NVIDIA GeForce GTX 1070' (P:0 D:0)
[2017.10.26-13.49.33:622][  0]LogWindows:    2. 'NVIDIA GeForce GTX 1070' (P:0 D:0)
[2017.10.26-13.49.33:623][  0]LogWindows:    3. 'NVIDIA GeForce GTX 1070' (P:0 D:0)
[2017.10.26-13.49.33:623][  0]LogWindows: DebugString: FoundDriverCount:4 
[2017.10.26-13.49.33:623][  0]LogD3D11RHI:     Adapter Name: NVIDIA GeForce GTX 1070
[2017.10.26-13.49.33:623][  0]LogD3D11RHI:   Driver Version: 387.92 (internal:23.21.13.8792, unified:387.92)
[2017.10.26-13.49.33:623][  0]LogD3D11RHI:      Driver Date: 10-6-2017
[2017.10.26-13.49.33:623][  0]LogRHI: Texture pool is 1361 MB (70% of 1945 MB)
[2017.10.26-13.49.33:655][  0]LogD3D11RHI: Async texture creation enabled
[2017.10.26-13.49.33:668][  0]LogD3D11RHI: GPU Timing Frequency: 1000.000000 (Debug: 2 1)
[2017.10.26-13.49.33:669][  0]LogShaderCompilers: Guid format shader working directory is 10 characters bigger than the processId version (D:/UnrealProjects/vrusct5mitLiege/Intermediate/Shaders/WorkingDirectory/29688/).
[2017.10.26-13.49.33:669][  0]LogShaderCompilers: Cleaned the shader compiler working directory 'C:/Users/PDV/AppData/Local/Temp/UnrealShaderWorkingDir/6C752DDE415E364B57B74C97F5DBAEFE/'.
[2017.10.26-13.49.33:669][  0]LogShaderCompilers:Display: Using Local Shader Compiler.
[2017.10.26-13.49.34:805][  0]LogTemp:Display: Loaded TP WindowsClientTargetPlatform
[2017.10.26-13.49.34:816][  0]LogTemp:Display: Loaded TP WindowsNoEditorTargetPlatform
[2017.10.26-13.49.34:828][  0]LogTemp:Display: Loaded TP WindowsServerTargetPlatform
[2017.10.26-13.49.34:838][  0]LogTemp:Display: Loaded TP WindowsTargetPlatform
[2017.10.26-13.49.34:838][  0]LogTargetPlatformManager:Display: Building Assets For Windows
[2017.10.26-13.49.34:933][  0]LogDerivedDataCache:Display: Max Cache Size: 512 MB
[2017.10.26-13.49.34:993][  0]LogDerivedDataCache: Loaded boot cache 0.06s 62MB C:/Users/PDV/AppData/Local/UnrealEngine/4.13/DerivedDataCache/Boot.ddc.
[2017.10.26-13.49.34:993][  0]LogDerivedDataCache:Display: Loaded Boot cache: C:/Users/PDV/AppData/Local/UnrealEngine/4.13/DerivedDataCache/Boot.ddc
[2017.10.26-13.49.34:993][  0]LogDerivedDataCache: FDerivedDataBackendGraph:  Pak pak cache file D:/UnrealProjects/vrusct5mitLiege/DerivedDataCache/DDC.ddp not found, will not use a pak cache.
[2017.10.26-13.49.34:993][  0]LogDerivedDataCache: Unable to find inner node Pak for hierarchical cache Hierarchy.
[2017.10.26-13.49.34:993][  0]LogDerivedDataCache: FDerivedDataBackendGraph:  CompressedPak pak cache file D:/UnrealProjects/vrusct5mitLiege/DerivedDataCache/Compressed.ddp not found, will not use a pak cache.
[2017.10.26-13.49.34:993][  0]LogDerivedDataCache: Unable to find inner node CompressedPak for hierarchical cache Hierarchy.
[2017.10.26-13.49.35:011][  0]LogDerivedDataCache:Display: Pak cache opened for reading ../../../Engine/DerivedDataCache/Compressed.ddp.
[2017.10.26-13.49.35:024][  0]LogDerivedDataCache: Using Local data cache path C:/Users/PDV/AppData/Local/UnrealEngine/Common/DerivedDataCache: Writable
[2017.10.26-13.49.35:266][  0]LogAssetRegistry: FAssetRegistry took 0.0001 seconds to start up
[2017.10.26-13.49.35:272][  0]LogPackageLocalizationCache: Processed 3 localized package path(s) for 2 prioritized culture(s) in 0.006468 seconds
[2017.10.26-13.49.35:292][  0]LogInit: Selected Device Profile: [Windows]
[2017.10.26-13.49.35:294][  0]LogContentStreaming: Texture pool size is 1000.00 MB
[2017.10.26-13.49.35:393][  0]LogMeshUtilities: No automatic mesh reduction module available
[2017.10.26-13.49.35:393][  0]LogMeshUtilities: No automatic mesh merging module available
[2017.10.26-13.49.35:393][  0]LogMeshUtilities: No distributed automatic mesh merging module available
[2017.10.26-13.49.35:462][  0]LogMaterial: Uniform references updated for custom material expression Custom.
[2017.10.26-13.49.35:753][  0]LogNetVersion: GetLocalNetworkVersion: CL: 3106830, ProjectName: vrusct5mitliege, ProjectVersion: , EngineNetworkVersion: 1, GameNetworkVersion: 0, NetworkChecksum: 3200121778
[2017.10.26-13.49.35:771][  0]LogInit: WinSock: version 1.1 (2.2), MaxSocks=32767, MaxUdp=65467
[2017.10.26-13.49.35:963][  0]LogSlate: SlateFontCache - WITH_FREETYPE: 1, WITH_HARFBUZZ: 1
[2017.10.26-13.49.35:964][  0]LogSlate: SlateFontCache - WITH_FREETYPE: 1, WITH_HARFBUZZ: 1
[2017.10.26-13.49.36:053][  0]LogMoviePlayer: Initializing movie player
[2017.10.26-13.49.36:204][  0]LogWindowsMoviePlayer: Unable to load movie: D:/UnrealProjects/vrusct5mitLiege/Content/Movies/Default_Startup.mp4
[2017.10.26-13.49.36:298][  0]LogTcpMessaging: Initializing TcpMessaging bridge
[2017.10.26-13.49.36:321][  0]LogUdpMessaging: Initializing bridge on interface 0.0.0.0:0 to multicast group 230.0.0.1:6666.
[2017.10.26-13.49.36:395][  0]SourceControl: Info Source control is disabled
[2017.10.26-13.49.36:395][  0]SourceControl: Info Source control is disabled
[2017.10.26-13.49.36:407][  0]SourceControl: Info Source control is disabled
[2017.10.26-13.49.36:572][  0]LogUObjectArray: 32656 objects as part of root set at end of initial load.
[2017.10.26-13.49.36:572][  0]LogUObjectAllocator: 7245024 out of 0 bytes used by permanent object pool.
[2017.10.26-13.49.36:572][  0]LogUObjectArray: CloseDisregardForGC: 0/0 objects in disregard for GC pool
[2017.10.26-13.49.36:633][  0]LogEngine: Initializing Engine...
[2017.10.26-13.49.36:812][  0]LogInit: XAudio2 using 'Lautsprecher (2- USB Audio Device)' : 2 channels at 44.1 kHz using 16 bits per sample (channel mask 0x3)
[2017.10.26-13.49.36:828][  0]LogInit: FAudioDevice initialized.
[2017.10.26-13.49.36:838][  0]LogInit: Texture streaming: Enabled
[2017.10.26-13.49.36:955][  0]LogInit:Display: Game Engine Initialized.
[2017.10.26-13.49.37:017][  0]LogInit:Display: Starting Game.
[2017.10.26-13.49.37:017][  0]LogNet: Browse: /Temp/Autosaves/Game/VirtualRealityBP/Maps/UEDPCMotionControllerMap?Name=Player
[2017.10.26-13.49.37:017][  0]LogLoad: LoadMap: /Temp/Autosaves/Game/VirtualRealityBP/Maps/UEDPCMotionControllerMap?Name=Player
[2017.10.26-13.49.37:037][  0]LogMemory: Platform Memory Stats for Windows
[2017.10.26-13.49.37:037][  0]LogMemory: Process Physical Memory: 669.93 MB used, 707.64 MB peak
[2017.10.26-13.49.37:037][  0]LogMemory: Process Virtual Memory: 727.33 MB used, 739.92 MB peak
[2017.10.26-13.49.37:037][  0]LogMemory: Physical Memory: 7491.41 MB used, 16319.74 MB total
[2017.10.26-13.49.37:037][  0]LogMemory: Virtual Memory: 1361.86 MB used, 134217728.00 MB total
[2017.10.26-13.49.37:037][  0]LogMemory: 
[2017.10.26-13.49.37:037][  0]Allocator Stats for TBB: (not implemented)
[2017.10.26-13.49.38:224][  0]LogAIModule: Creating AISystem for world MotionControllerMap
[2017.10.26-13.49.38:224][  0]LogUObjectGlobals:Warning: Failed to find object 'Class None.'
[2017.10.26-13.49.38:224][  0]LogWorld: Game class is 'GameMode'
[2017.10.26-13.49.38:307][  0]LogWorld: Bringing World /Temp/Autosaves/Game/VirtualRealityBP/Maps/UEDPCMotionControllerMap.MotionControllerMap up for play (max tick rate 0) at 2017.10.26-15.49.38
[2017.10.26-13.49.38:308][  0]LogWorld: Bringing up level for play took: 0.082076
[2017.10.26-13.49.38:310][  0]LogGameMode:Display: Match State Changed from EnteringMap to WaitingToStart
[2017.10.26-13.49.38:310][  0]LogGameState: Match State Changed from EnteringMap to WaitingToStart
[2017.10.26-13.49.38:310][  0]LogGameMode:Display: Match State Changed from WaitingToStart to InProgress
[2017.10.26-13.49.38:313][  0]LogBlueprintUserMessages: [BP_Hebel2_1330] HebelLocations
[2017.10.26-13.49.38:313][  0]LogBlueprintUserMessages: [BP_Hebel2_1330] X=550.000 Y=-420.000 Z=350.000
[2017.10.26-13.49.38:313][  0]LogBlueprintUserMessages: [BP_Hebel2_1330] X=550.000 Y=-404.000 Z=340.000
[2017.10.26-13.49.38:315][  0]LogGameState: Match State Changed from WaitingToStart to InProgress
[2017.10.26-13.49.38:315][  0]LogLoad: Took 1.297664 seconds to LoadMap(/Temp/Autosaves/Game/VirtualRealityBP/Maps/UEDPCMotionControllerMap)
[2017.10.26-13.49.38:535][  0]LogLoad: (Engine Initialization) Total time: 7.03 seconds
[2017.10.26-13.49.38:535][  0]LogLoad: (Engine Initialization) Total Blueprint compile time: 0.26 seconds
[2017.10.26-13.49.38:535][  0]LogExternalProfiler: No external profilers were discovered.  External profiling features will not be available.
[2017.10.26-13.49.38:551][  0]LogWindowsTextInputMethodSystem:Display: IME system now deactivated.
[2017.10.26-13.49.38:552][  0]LogOcInput: OculusInput pre-init called
[2017.10.26-13.49.38:623][  0]LogRenderer: Reallocating scene render targets to support 128x128 (Frame:1).
[2017.10.26-13.49.38:721][  1]LogRenderer: Reallocating scene render targets to support 1280x720 (Frame:2).
[2017.10.26-13.49.45:306][403]LogWindowsTextInputMethodSystem:Display: IME system now deactivated.
[2017.10.26-13.49.45:309][403]LogEngine: All Windows Closed
[2017.10.26-13.49.45:309][403]LogWindows: FPlatformMisc::RequestExit(0)
[2017.10.26-13.49.45:309][404]LogMoviePlayer: Shutting down movie player
[2017.10.26-13.49.45:643][404]LogExit: Preparing to exit.
[2017.10.26-13.49.46:486][404]LogExit: Game engine shut down
[2017.10.26-13.49.46:640][404]LogObj: Freed 0b from 0 cluster array pools.
[2017.10.26-13.49.46:640][404]LogExit: Object subsystem successfully closed.
[2017.10.26-13.49.46:679][404]LogD3D11RHI: Shutdown
[2017.10.26-13.49.46:679][404]LogD3D11RHI: CleanupD3DDevice
[2017.10.26-13.49.46:761][404]LogD3D11RHI: ~FD3D11DynamicRHI
[2017.10.26-13.49.46:775][404]LogModuleManager: Shutting down and abandoning module SequenceRecorderSections (119)
[2017.10.26-13.49.46:775][404]LogModuleManager: Shutting down and abandoning module SequenceRecorder (118)
[2017.10.26-13.49.46:775][404]LogModuleManager: Shutting down and abandoning module AutomationController (117)
[2017.10.26-13.49.46:776][404]LogModuleManager: Shutting down and abandoning module AutomationWorker (116)
[2017.10.26-13.49.46:776][404]LogModuleManager: Shutting down and abandoning module GameplayDebugger (115)
[2017.10.26-13.49.46:776][404]LogModuleManager: Shutting down and abandoning module AITestSuite (114)
[2017.10.26-13.49.46:776][404]LogModuleManager: Shutting down and abandoning module AIModule (113)
[2017.10.26-13.49.46:776][404]LogModuleManager: Shutting down and abandoning module WmfMediaFactory (112)
[2017.10.26-13.49.46:776][404]LogModuleManager: Shutting down and abandoning module AvfMediaFactory (111)
[2017.10.26-13.49.46:776][404]LogModuleManager: Shutting down and abandoning module Media (110)
[2017.10.26-13.49.46:776][404]LogModuleManager: Shutting down and abandoning module AndroidMediaFactory (109)
[2017.10.26-13.49.46:776][404]LogModuleManager: Shutting down and abandoning module CharacterAI (108)
[2017.10.26-13.49.46:776][404]LogModuleManager: Shutting down and abandoning module SessionServices (107)
[2017.10.26-13.49.46:776][404]LogModuleManager: Shutting down and abandoning module MovieSceneCapture (106)
[2017.10.26-13.49.46:776][404]LogModuleManager: Shutting down and abandoning module Niagara (105)
[2017.10.26-13.49.46:776][404]LogModuleManager: Shutting down and abandoning module StreamingPauseRendering (104)
[2017.10.26-13.49.46:776][404]LogModuleManager: Shutting down and abandoning module PortalServices (103)
[2017.10.26-13.49.46:776][404]LogModuleManager: Shutting down and abandoning module PortalRpc (102)
[2017.10.26-13.49.46:776][404]LogModuleManager: Shutting down and abandoning module MessagingRpc (101)
[2017.10.26-13.49.46:776][404]LogModuleManager: Shutting down and abandoning module ProfilerService (100)
[2017.10.26-13.49.46:845][404]LogModuleManager: Shutting down and abandoning module TaskGraph (99)
[2017.10.26-13.49.46:845][404]LogModuleManager: Shutting down and abandoning module SlateRemote (98)
[2017.10.26-13.49.46:845][404]LogModuleManager: Shutting down and abandoning module SteamVRController (97)
[2017.10.26-13.49.46:845][404]LogModuleManager: Shutting down and abandoning module SteamVR (96)
[2017.10.26-13.49.46:845][404]LogModuleManager: Shutting down and abandoning module ProceduralMeshComponent (95)
[2017.10.26-13.49.46:845][404]LogModuleManager: Shutting down and abandoning module OculusLibrary (94)
[2017.10.26-13.49.46:845][404]LogModuleManager: Shutting down and abandoning module OculusInput (93)
[2017.10.26-13.49.46:845][404]LogModuleManager: Shutting down and abandoning module CustomMeshComponent (92)
[2017.10.26-13.49.46:845][404]LogModuleManager: Shutting down and abandoning module CableComponent (91)
[2017.10.26-13.49.46:845][404]LogModuleManager: Shutting down and abandoning module ArchVisCharacter (90)
[2017.10.26-13.49.46:845][404]LogModuleManager: Shutting down and abandoning module HTML5Networking (88)
[2017.10.26-13.49.46:845][404]LogModuleManager: Shutting down and abandoning module DesktopPlatform (87)
[2017.10.26-13.49.46:845][404]LogModuleManager: Shutting down and abandoning module DirectoryWatcher (86)
[2017.10.26-13.49.46:845][404]LogModuleManager: Shutting down and abandoning module HotReload (85)
[2017.10.26-13.49.46:845][404]LogModuleManager: Shutting down and abandoning module VisualStudioSourceCodeAccess (84)
[2017.10.26-13.49.46:845][404]LogModuleManager: Shutting down and abandoning module UObjectPlugin (83)
[2017.10.26-13.49.46:845][404]LogModuleManager: Shutting down and abandoning module SubversionSourceControl (82)
[2017.10.26-13.49.46:845][404]LogModuleManager: Shutting down and abandoning module SourceControl (81)
[2017.10.26-13.49.46:845][404]LogModuleManager: Shutting down and abandoning module PerforceSourceControl (80)
[2017.10.26-13.49.46:845][404]LogModuleManager: Shutting down and abandoning module UdpMessaging (79)
[2017.10.26-13.49.46:945][404]LogModuleManager: Shutting down and abandoning module TcpMessaging (78)
[2017.10.26-13.49.47:303][404]LogModuleManager: Shutting down and abandoning module LightPropagationVolumeRuntime (77)
[2017.10.26-13.49.47:303][404]LogModuleManager: Shutting down and abandoning module Paper2D (76)
[2017.10.26-13.49.47:303][404]LogModuleManager: Shutting down and abandoning module WindowsMoviePlayer (75)
[2017.10.26-13.49.47:303][404]LogModuleManager: Shutting down and abandoning module WmfMedia (74)
[2017.10.26-13.49.47:303][404]LogModuleManager: Shutting down and abandoning module MediaAssets (73)
[2017.10.26-13.49.47:303][404]LogModuleManager: Shutting down and abandoning module GameLiveStreaming (72)
[2017.10.26-13.49.47:303][404]LogModuleManager: Shutting down and abandoning module GameplayTagsEditor (71)
[2017.10.26-13.49.47:303][404]LogModuleManager: Shutting down and abandoning module VREditor (70)
[2017.10.26-13.49.47:303][404]LogModuleManager: Shutting down and abandoning module GameplayTasksEditor (69)
[2017.10.26-13.49.47:303][404]LogModuleManager: Shutting down and abandoning module PropertyEditor (68)
[2017.10.26-13.49.47:303][404]LogModuleManager: Shutting down and abandoning module BehaviorTreeEditor (67)
[2017.10.26-13.49.47:303][404]LogModuleManager: Shutting down and abandoning module FunctionalTesting (66)
[2017.10.26-13.49.47:303][404]LogModuleManager: Shutting down and abandoning module CollisionAnalyzer (65)
[2017.10.26-13.49.47:303][404]LogModuleManager: Shutting down and abandoning module Sequencer (64)
[2017.10.26-13.49.47:304][404]LogModuleManager: Shutting down and abandoning module WorkspaceMenuStructure (63)
[2017.10.26-13.49.47:304][404]LogModuleManager: Shutting down and abandoning module MessageLog (62)
[2017.10.26-13.49.47:304][404]LogModuleManager: Shutting down and abandoning module AssetTools (61)
[2017.10.26-13.49.47:304][404]LogModuleManager: Shutting down and abandoning module UMGEditor (60)
[2017.10.26-13.49.47:304][404]LogModuleManager: Shutting down and abandoning module UMG (59)
[2017.10.26-13.49.47:304][404]LogModuleManager: Shutting down and abandoning module SlateReflector (58)
[2017.10.26-13.49.47:304][404]LogModuleManager: Shutting down and abandoning module Slate (57)
[2017.10.26-13.49.47:304][404]LogModuleManager: Shutting down and abandoning module EditorStyle (56)
[2017.10.26-13.49.47:307][404]LogModuleManager: Shutting down and abandoning module Messaging (55)
[2017.10.26-13.49.47:307][404]LogModuleManager: Shutting down and abandoning module SourceCodeAccess (54)
[2017.10.26-13.49.47:307][404]LogModuleManager: Shutting down and abandoning module HeadMountedDisplay (53)
[2017.10.26-13.49.47:307][404]LogModuleManager: Shutting down and abandoning module XAudio2 (52)
[2017.10.26-13.49.47:307][404]LogModuleManager: Shutting down and abandoning module Networking (50)
[2017.10.26-13.49.47:307][404]LogModuleManager: Shutting down and abandoning module Core (49)
[2017.10.26-13.49.47:307][404]LogModuleManager: Shutting down and abandoning module KismetCompiler (48)
[2017.10.26-13.49.47:307][404]LogModuleManager: Shutting down and abandoning module PhysXFormats (47)
[2017.10.26-13.49.47:307][404]LogModuleManager: Shutting down and abandoning module MeshUtilities (46)
[2017.10.26-13.49.47:307][404]LogModuleManager: Shutting down and abandoning module AssetRegistry (45)
[2017.10.26-13.49.47:307][404]LogModuleManager: Shutting down and abandoning module DerivedDataCache (44)
[2017.10.26-13.49.47:525][404]LogDerivedDataCache: Shutdown
[2017.10.26-13.49.47:525][404]LogModuleManager: Shutting down and abandoning module VulkanShaderFormat (43)
[2017.10.26-13.49.47:525][404]LogModuleManager: Shutting down and abandoning module ShaderFormatOpenGL (42)
[2017.10.26-13.49.47:525][404]LogModuleManager: Shutting down and abandoning module ShaderFormatD3D (41)
[2017.10.26-13.49.47:525][404]LogModuleManager: Shutting down and abandoning module MetalShaderFormat (40)
[2017.10.26-13.49.47:525][404]LogModuleManager: Shutting down and abandoning module TextureFormatUncompressed (39)
[2017.10.26-13.49.47:525][404]LogModuleManager: Shutting down and abandoning module TextureFormatPVR (38)
[2017.10.26-13.49.47:525][404]LogModuleManager: Shutting down and abandoning module TextureFormatDXT (37)
[2017.10.26-13.49.47:525][404]LogModuleManager: Shutting down and abandoning module TextureFormatIntelISPCTexComp (36)
[2017.10.26-13.49.47:525][404]LogModuleManager: Shutting down and abandoning module ImageWrapper (35)
[2017.10.26-13.49.47:525][404]LogModuleManager: Shutting down and abandoning module TextureFormatASTC (34)
[2017.10.26-13.49.47:525][404]LogModuleManager: Shutting down and abandoning module TextureFormatAndroid (33)
[2017.10.26-13.49.47:525][404]LogModuleManager: Shutting down and abandoning module AudioFormatOpus (32)
[2017.10.26-13.49.47:525][404]LogModuleManager: Shutting down and abandoning module AudioFormatOgg (31)
[2017.10.26-13.49.47:525][404]LogModuleManager: Shutting down and abandoning module AudioFormatADPCM (30)
[2017.10.26-13.49.47:525][404]LogModuleManager: Shutting down and abandoning module WindowsTargetPlatform (29)
[2017.10.26-13.49.47:525][404]LogModuleManager: Shutting down and abandoning module WindowsServerTargetPlatform (28)
[2017.10.26-13.49.47:525][404]LogModuleManager: Shutting down and abandoning module WindowsNoEditorTargetPlatform (27)
[2017.10.26-13.49.47:525][404]LogModuleManager: Shutting down and abandoning module WindowsClientTargetPlatform (26)
[2017.10.26-13.49.47:525][404]LogModuleManager: Shutting down and abandoning module TargetPlatform (25)
[2017.10.26-13.49.47:525][404]LogModuleManager: Shutting down and abandoning module InputCore (24)
[2017.10.26-13.49.47:525][404]LogModuleManager: Shutting down and abandoning module Settings (23)
[2017.10.26-13.49.47:525][404]LogModuleManager: Shutting down and abandoning module OculusRift (22)
[2017.10.26-13.49.47:5